2013-09-11 19:00:48,149 Lines different in tmp.py:
2013-09-11 20:10:34,549 Lines different in tmp.py:
2013-09-11 20:10:42,426 Lines different in tmp.py:
2013-09-11 20:12:47,387 Lines different in tmp.py:
2013-09-11 20:12:58,401 Lines different in tmp.py:
2013-09-11 20:16:56,633 Lines different in tmp.py:
2013-09-11 22:29:34,062 Lines different in tmp.py:
2013-09-11 22:29:57,896 Lines different in tmp.py:
2013-09-11 22:30:01,037 Lines different in tmp.py:
2013-09-11 22:30:23,980 Lines different in tmp.py:
2013-09-19 22:17:31,694 Lines different in tmp.py:
2013-09-19 22:27:12,181 Lines different in tmp.py:
2013-09-19 22:29:53,962 Lines different in tmp.py:
2013-09-23 23:13:32,794 /home/pentester/atom//the-loai-4.rss		Not found
2013-09-23 23:13:32,794 /home/pentester/atom//generateFeedAtom-notranslate.py		Not found
2013-09-23 23:13:32,794 /home/pentester/atom//markReadAll.py		Not found
2013-09-23 23:13:32,794 /home/pentester/atom//generateFeedAtom.py		Not found
2013-09-23 23:13:32,794 /home/pentester/atom//rss.log		Not found
2013-09-23 23:13:32,794 /home/pentester/atom//generateFeedAtom12-6-2013.py		Not found
2013-09-23 23:13:32,794 /home/pentester/atom//the-loai-5.rss		Not found
2013-09-23 23:13:32,795 /home/pentester/atom//generateFeedAtom-translate.py		Not found
2013-09-23 23:13:32,795 /home/pentester/atom//tmp.py		Not found
2013-09-23 23:13:32,795 /home/pentester/atom//the-loai-6.rss		Not found
2013-09-23 23:13:32,795 /home/pentester/atom//generateFeedAtom-nemo.py		Not found
2013-09-23 23:13:32,795 /home/pentester/atom//countNews.py.v1		Not found
2013-09-23 23:13:32,795 /home/pentester/atom//generateFeedAtom2.py		Not found
2013-09-23 23:13:32,795 /home/pentester/atom//trung-quoc-2.rss		Not found
2013-09-23 23:13:32,795 /home/pentester/atom//countNews.py		Not found
2013-09-23 23:13:32,795 /home/pentester/atom/test/the-loai-4.rss		Not found
2013-09-23 23:13:32,795 /home/pentester/atom/test/the-loai-5.rss		Not found
2013-09-23 23:13:32,795 /home/pentester/atom/test/the-loai-6.rss		Not found
2013-09-23 23:14:58,519 /home/pentester/atom//the-loai-4.rss		Not found
2013-09-23 23:14:58,520 /home/pentester/atom//generateFeedAtom-notranslate.py		Not found
2013-09-23 23:14:58,520 /home/pentester/atom//markReadAll.py		Not found
2013-09-23 23:14:58,520 /home/pentester/atom//generateFeedAtom.py		Not found
2013-09-23 23:14:58,520 /home/pentester/atom//rss.log		Not found
2013-09-23 23:14:58,520 /home/pentester/atom//generateFeedAtom12-6-2013.py		Not found
2013-09-23 23:14:58,520 /home/pentester/atom//the-loai-5.rss		Not found
2013-09-23 23:14:58,520 /home/pentester/atom//generateFeedAtom-translate.py		Not found
2013-09-23 23:14:58,520 /home/pentester/atom//tmp.py		Not found
2013-09-23 23:14:58,520 /home/pentester/atom//the-loai-6.rss		Not found
2013-09-23 23:14:58,520 /home/pentester/atom//generateFeedAtom-nemo.py		Not found
2013-09-23 23:14:58,520 /home/pentester/atom//countNews.py.v1		Not found
2013-09-23 23:14:58,520 /home/pentester/atom//generateFeedAtom2.py		Not found
2013-09-23 23:14:58,520 /home/pentester/atom//trung-quoc-2.rss		Not found
2013-09-23 23:14:58,520 /home/pentester/atom//countNews.py		Not found
2013-09-23 23:14:58,520 /home/pentester/atom/test/the-loai-4.rss		Not found
2013-09-23 23:14:58,520 /home/pentester/atom/test/the-loai-5.rss		Not found
2013-09-23 23:14:58,520 /home/pentester/atom/test/the-loai-6.rss		Not found
2013-09-23 23:22:30,155 /home/pentester/atom//the-loai-4.rss		Not found
2013-09-23 23:22:30,155 /home/pentester/atom//generateFeedAtom-notranslate.py		Not found
2013-09-23 23:22:30,156 /home/pentester/atom//markReadAll.py		Not found
2013-09-23 23:22:30,156 /home/pentester/atom//generateFeedAtom.py		Not found
2013-09-23 23:22:30,156 /home/pentester/atom//rss.log		Not found
2013-09-23 23:22:30,156 /home/pentester/atom//generateFeedAtom12-6-2013.py		Not found
2013-09-23 23:22:30,156 /home/pentester/atom//the-loai-5.rss		Not found
2013-09-23 23:22:30,156 /home/pentester/atom//generateFeedAtom-translate.py		Not found
2013-09-23 23:22:30,156 /home/pentester/atom//tmp.py		Not found
2013-09-23 23:22:30,156 /home/pentester/atom//the-loai-6.rss		Not found
2013-09-23 23:22:30,156 /home/pentester/atom//generateFeedAtom-nemo.py		Not found
2013-09-23 23:22:30,156 /home/pentester/atom//countNews.py.v1		Not found
2013-09-23 23:22:30,156 /home/pentester/atom//generateFeedAtom2.py		Not found
2013-09-23 23:22:30,156 /home/pentester/atom//trung-quoc-2.rss		Not found
2013-09-23 23:22:30,156 /home/pentester/atom//countNews.py		Not found
2013-09-23 23:22:30,156 /home/pentester/atom/test/the-loai-4.rss		Not found
2013-09-23 23:22:30,156 /home/pentester/atom/test/the-loai-5.rss		Not found
2013-09-23 23:22:30,157 /home/pentester/atom/test/the-loai-6.rss		Not found
2013-09-23 23:23:32,551 /home/pentester/atom//the-loai-4.rss		Not found
2013-09-23 23:23:32,551 /home/pentester/atom//generateFeedAtom-notranslate.py		Not found
2013-09-23 23:23:32,551 /home/pentester/atom//markReadAll.py		Not found
2013-09-23 23:23:32,551 /home/pentester/atom//generateFeedAtom.py		Not found
2013-09-23 23:23:32,551 /home/pentester/atom//rss.log		Not found
2013-09-23 23:23:32,551 /home/pentester/atom//generateFeedAtom12-6-2013.py		Not found
2013-09-23 23:23:32,551 /home/pentester/atom//the-loai-5.rss		Not found
2013-09-23 23:23:32,552 /home/pentester/atom//generateFeedAtom-translate.py		Not found
2013-09-23 23:23:32,552 /home/pentester/atom//tmp.py		Not found
2013-09-23 23:23:32,552 /home/pentester/atom//the-loai-6.rss		Not found
2013-09-23 23:23:32,552 /home/pentester/atom//generateFeedAtom-nemo.py		Not found
2013-09-23 23:23:32,552 /home/pentester/atom//countNews.py.v1		Not found
2013-09-23 23:23:32,552 /home/pentester/atom//generateFeedAtom2.py		Not found
2013-09-23 23:23:32,552 /home/pentester/atom//trung-quoc-2.rss		Not found
2013-09-23 23:23:32,552 /home/pentester/atom//countNews.py		Not found
2013-09-23 23:23:32,552 /home/pentester/atom/test/the-loai-4.rss		Not found
2013-09-23 23:23:32,552 /home/pentester/atom/test/the-loai-5.rss		Not found
2013-09-23 23:23:32,552 /home/pentester/atom/test/the-loai-6.rss		Not found
2013-09-23 23:24:24,150 /home/pentester/atom//the-loai-4.rss		Not found
2013-09-23 23:24:24,150 /home/pentester/atom//the-loai-4.rss		Not found/home/pentester/atom//generateFeedAtom-notranslate.py		Not found
2013-09-23 23:24:24,150 /home/pentester/atom//the-loai-4.rss		Not found/home/pentester/atom//generateFeedAtom-notranslate.py		Not found/home/pentester/atom//markReadAll.py		Not found
2013-09-23 23:24:24,150 /home/pentester/atom//the-loai-4.rss		Not found/home/pentester/atom//generateFeedAtom-notranslate.py		Not found/home/pentester/atom//markReadAll.py		Not found/home/pentester/atom//generateFeedAtom.py		Not found
2013-09-23 23:24:24,150 /home/pentester/atom//the-loai-4.rss		Not found/home/pentester/atom//generateFeedAtom-notranslate.py		Not found/home/pentester/atom//markReadAll.py		Not found/home/pentester/atom//generateFeedAtom.py		Not found/home/pentester/atom//rss.log		Not found
2013-09-23 23:24:24,150 /home/pentester/atom//the-loai-4.rss		Not found/home/pentester/atom//generateFeedAtom-notranslate.py		Not found/home/pentester/atom//markReadAll.py		Not found/home/pentester/atom//generateFeedAtom.py		Not found/home/pentester/atom//rss.log		Not found/home/pentester/atom//generateFeedAtom12-6-2013.py		Not found
2013-09-23 23:24:24,150 /home/pentester/atom//the-loai-4.rss		Not found/home/pentester/atom//generateFeedAtom-notranslate.py		Not found/home/pentester/atom//markReadAll.py		Not found/home/pentester/atom//generateFeedAtom.py		Not found/home/pentester/atom//rss.log		Not found/home/pentester/atom//generateFeedAtom12-6-2013.py		Not found/home/pentester/atom//the-loai-5.rss		Not found
2013-09-23 23:24:24,150 /home/pentester/atom//the-loai-4.rss		Not found/home/pentester/atom//generateFeedAtom-notranslate.py		Not found/home/pentester/atom//markReadAll.py		Not found/home/pentester/atom//generateFeedAtom.py		Not found/home/pentester/atom//rss.log		Not found/home/pentester/atom//generateFeedAtom12-6-2013.py		Not found/home/pentester/atom//the-loai-5.rss		Not found/home/pentester/atom//generateFeedAtom-translate.py		Not found
2013-09-23 23:24:24,150 /home/pentester/atom//the-loai-4.rss		Not found/home/pentester/atom//generateFeedAtom-notranslate.py		Not found/home/pentester/atom//markReadAll.py		Not found/home/pentester/atom//generateFeedAtom.py		Not found/home/pentester/atom//rss.log		Not found/home/pentester/atom//generateFeedAtom12-6-2013.py		Not found/home/pentester/atom//the-loai-5.rss		Not found/home/pentester/atom//generateFeedAtom-translate.py		Not found/home/pentester/atom//tmp.py		Not found
2013-09-23 23:24:24,150 /home/pentester/atom//the-loai-4.rss		Not found/home/pentester/atom//generateFeedAtom-notranslate.py		Not found/home/pentester/atom//markReadAll.py		Not found/home/pentester/atom//generateFeedAtom.py		Not found/home/pentester/atom//rss.log		Not found/home/pentester/atom//generateFeedAtom12-6-2013.py		Not found/home/pentester/atom//the-loai-5.rss		Not found/home/pentester/atom//generateFeedAtom-translate.py		Not found/home/pentester/atom//tmp.py		Not found/home/pentester/atom//the-loai-6.rss		Not found
2013-09-23 23:24:24,150 /home/pentester/atom//the-loai-4.rss		Not found/home/pentester/atom//generateFeedAtom-notranslate.py		Not found/home/pentester/atom//markReadAll.py		Not found/home/pentester/atom//generateFeedAtom.py		Not found/home/pentester/atom//rss.log		Not found/home/pentester/atom//generateFeedAtom12-6-2013.py		Not found/home/pentester/atom//the-loai-5.rss		Not found/home/pentester/atom//generateFeedAtom-translate.py		Not found/home/pentester/atom//tmp.py		Not found/home/pentester/atom//the-loai-6.rss		Not found/home/pentester/atom//generateFeedAtom-nemo.py		Not found
2013-09-23 23:24:24,150 /home/pentester/atom//the-loai-4.rss		Not found/home/pentester/atom//generateFeedAtom-notranslate.py		Not found/home/pentester/atom//markReadAll.py		Not found/home/pentester/atom//generateFeedAtom.py		Not found/home/pentester/atom//rss.log		Not found/home/pentester/atom//generateFeedAtom12-6-2013.py		Not found/home/pentester/atom//the-loai-5.rss		Not found/home/pentester/atom//generateFeedAtom-translate.py		Not found/home/pentester/atom//tmp.py		Not found/home/pentester/atom//the-loai-6.rss		Not found/home/pentester/atom//generateFeedAtom-nemo.py		Not found/home/pentester/atom//countNews.py.v1		Not found
2013-09-23 23:24:24,150 /home/pentester/atom//the-loai-4.rss		Not found/home/pentester/atom//generateFeedAtom-notranslate.py		Not found/home/pentester/atom//markReadAll.py		Not found/home/pentester/atom//generateFeedAtom.py		Not found/home/pentester/atom//rss.log		Not found/home/pentester/atom//generateFeedAtom12-6-2013.py		Not found/home/pentester/atom//the-loai-5.rss		Not found/home/pentester/atom//generateFeedAtom-translate.py		Not found/home/pentester/atom//tmp.py		Not found/home/pentester/atom//the-loai-6.rss		Not found/home/pentester/atom//generateFeedAtom-nemo.py		Not found/home/pentester/atom//countNews.py.v1		Not found/home/pentester/atom//generateFeedAtom2.py		Not found
2013-09-23 23:24:24,150 /home/pentester/atom//the-loai-4.rss		Not found/home/pentester/atom//generateFeedAtom-notranslate.py		Not found/home/pentester/atom//markReadAll.py		Not found/home/pentester/atom//generateFeedAtom.py		Not found/home/pentester/atom//rss.log		Not found/home/pentester/atom//generateFeedAtom12-6-2013.py		Not found/home/pentester/atom//the-loai-5.rss		Not found/home/pentester/atom//generateFeedAtom-translate.py		Not found/home/pentester/atom//tmp.py		Not found/home/pentester/atom//the-loai-6.rss		Not found/home/pentester/atom//generateFeedAtom-nemo.py		Not found/home/pentester/atom//countNews.py.v1		Not found/home/pentester/atom//generateFeedAtom2.py		Not found/home/pentester/atom//trung-quoc-2.rss		Not found
2013-09-23 23:24:24,150 /home/pentester/atom//the-loai-4.rss		Not found/home/pentester/atom//generateFeedAtom-notranslate.py		Not found/home/pentester/atom//markReadAll.py		Not found/home/pentester/atom//generateFeedAtom.py		Not found/home/pentester/atom//rss.log		Not found/home/pentester/atom//generateFeedAtom12-6-2013.py		Not found/home/pentester/atom//the-loai-5.rss		Not found/home/pentester/atom//generateFeedAtom-translate.py		Not found/home/pentester/atom//tmp.py		Not found/home/pentester/atom//the-loai-6.rss		Not found/home/pentester/atom//generateFeedAtom-nemo.py		Not found/home/pentester/atom//countNews.py.v1		Not found/home/pentester/atom//generateFeedAtom2.py		Not found/home/pentester/atom//trung-quoc-2.rss		Not found/home/pentester/atom//countNews.py		Not found
2013-09-23 23:24:24,151 /home/pentester/atom//the-loai-4.rss		Not found/home/pentester/atom//generateFeedAtom-notranslate.py		Not found/home/pentester/atom//markReadAll.py		Not found/home/pentester/atom//generateFeedAtom.py		Not found/home/pentester/atom//rss.log		Not found/home/pentester/atom//generateFeedAtom12-6-2013.py		Not found/home/pentester/atom//the-loai-5.rss		Not found/home/pentester/atom//generateFeedAtom-translate.py		Not found/home/pentester/atom//tmp.py		Not found/home/pentester/atom//the-loai-6.rss		Not found/home/pentester/atom//generateFeedAtom-nemo.py		Not found/home/pentester/atom//countNews.py.v1		Not found/home/pentester/atom//generateFeedAtom2.py		Not found/home/pentester/atom//trung-quoc-2.rss		Not found/home/pentester/atom//countNews.py		Not found/home/pentester/atom/test/the-loai-4.rss		Not found
2013-09-23 23:24:24,151 /home/pentester/atom//the-loai-4.rss		Not found/home/pentester/atom//generateFeedAtom-notranslate.py		Not found/home/pentester/atom//markReadAll.py		Not found/home/pentester/atom//generateFeedAtom.py		Not found/home/pentester/atom//rss.log		Not found/home/pentester/atom//generateFeedAtom12-6-2013.py		Not found/home/pentester/atom//the-loai-5.rss		Not found/home/pentester/atom//generateFeedAtom-translate.py		Not found/home/pentester/atom//tmp.py		Not found/home/pentester/atom//the-loai-6.rss		Not found/home/pentester/atom//generateFeedAtom-nemo.py		Not found/home/pentester/atom//countNews.py.v1		Not found/home/pentester/atom//generateFeedAtom2.py		Not found/home/pentester/atom//trung-quoc-2.rss		Not found/home/pentester/atom//countNews.py		Not found/home/pentester/atom/test/the-loai-4.rss		Not found/home/pentester/atom/test/the-loai-5.rss		Not found
2013-09-23 23:24:24,151 /home/pentester/atom//the-loai-4.rss		Not found/home/pentester/atom//generateFeedAtom-notranslate.py		Not found/home/pentester/atom//markReadAll.py		Not found/home/pentester/atom//generateFeedAtom.py		Not found/home/pentester/atom//rss.log		Not found/home/pentester/atom//generateFeedAtom12-6-2013.py		Not found/home/pentester/atom//the-loai-5.rss		Not found/home/pentester/atom//generateFeedAtom-translate.py		Not found/home/pentester/atom//tmp.py		Not found/home/pentester/atom//the-loai-6.rss		Not found/home/pentester/atom//generateFeedAtom-nemo.py		Not found/home/pentester/atom//countNews.py.v1		Not found/home/pentester/atom//generateFeedAtom2.py		Not found/home/pentester/atom//trung-quoc-2.rss		Not found/home/pentester/atom//countNews.py		Not found/home/pentester/atom/test/the-loai-4.rss		Not found/home/pentester/atom/test/the-loai-5.rss		Not found/home/pentester/atom/test/the-loai-6.rss		Not found
2013-09-23 23:25:49,439 /home/pentester/atom//the-loai-4.rss		Not found
2013-09-23 23:25:49,439 /home/pentester/atom//the-loai-4.rss		Not found/home/pentester/atom//generateFeedAtom-notranslate.py		Not found
2013-09-23 23:25:49,439 /home/pentester/atom//the-loai-4.rss		Not found/home/pentester/atom//generateFeedAtom-notranslate.py		Not found/home/pentester/atom//markReadAll.py		Not found
2013-09-23 23:25:49,439 /home/pentester/atom//the-loai-4.rss		Not found/home/pentester/atom//generateFeedAtom-notranslate.py		Not found/home/pentester/atom//markReadAll.py		Not found/home/pentester/atom//generateFeedAtom.py		Not found
2013-09-23 23:25:49,439 /home/pentester/atom//the-loai-4.rss		Not found/home/pentester/atom//generateFeedAtom-notranslate.py		Not found/home/pentester/atom//markReadAll.py		Not found/home/pentester/atom//generateFeedAtom.py		Not found/home/pentester/atom//rss.log		Not found
2013-09-23 23:25:49,439 /home/pentester/atom//the-loai-4.rss		Not found/home/pentester/atom//generateFeedAtom-notranslate.py		Not found/home/pentester/atom//markReadAll.py		Not found/home/pentester/atom//generateFeedAtom.py		Not found/home/pentester/atom//rss.log		Not found/home/pentester/atom//generateFeedAtom12-6-2013.py		Not found
2013-09-23 23:25:49,439 /home/pentester/atom//the-loai-4.rss		Not found/home/pentester/atom//generateFeedAtom-notranslate.py		Not found/home/pentester/atom//markReadAll.py		Not found/home/pentester/atom//generateFeedAtom.py		Not found/home/pentester/atom//rss.log		Not found/home/pentester/atom//generateFeedAtom12-6-2013.py		Not found/home/pentester/atom//the-loai-5.rss		Not found
2013-09-23 23:25:49,439 /home/pentester/atom//the-loai-4.rss		Not found/home/pentester/atom//generateFeedAtom-notranslate.py		Not found/home/pentester/atom//markReadAll.py		Not found/home/pentester/atom//generateFeedAtom.py		Not found/home/pentester/atom//rss.log		Not found/home/pentester/atom//generateFeedAtom12-6-2013.py		Not found/home/pentester/atom//the-loai-5.rss		Not found/home/pentester/atom//generateFeedAtom-translate.py		Not found
2013-09-23 23:25:49,439 /home/pentester/atom//the-loai-4.rss		Not found/home/pentester/atom//generateFeedAtom-notranslate.py		Not found/home/pentester/atom//markReadAll.py		Not found/home/pentester/atom//generateFeedAtom.py		Not found/home/pentester/atom//rss.log		Not found/home/pentester/atom//generateFeedAtom12-6-2013.py		Not found/home/pentester/atom//the-loai-5.rss		Not found/home/pentester/atom//generateFeedAtom-translate.py		Not found/home/pentester/atom//tmp.py		Not found
2013-09-23 23:25:49,440 /home/pentester/atom//the-loai-4.rss		Not found/home/pentester/atom//generateFeedAtom-notranslate.py		Not found/home/pentester/atom//markReadAll.py		Not found/home/pentester/atom//generateFeedAtom.py		Not found/home/pentester/atom//rss.log		Not found/home/pentester/atom//generateFeedAtom12-6-2013.py		Not found/home/pentester/atom//the-loai-5.rss		Not found/home/pentester/atom//generateFeedAtom-translate.py		Not found/home/pentester/atom//tmp.py		Not found/home/pentester/atom//the-loai-6.rss		Not found
2013-09-23 23:25:49,440 /home/pentester/atom//the-loai-4.rss		Not found/home/pentester/atom//generateFeedAtom-notranslate.py		Not found/home/pentester/atom//markReadAll.py		Not found/home/pentester/atom//generateFeedAtom.py		Not found/home/pentester/atom//rss.log		Not found/home/pentester/atom//generateFeedAtom12-6-2013.py		Not found/home/pentester/atom//the-loai-5.rss		Not found/home/pentester/atom//generateFeedAtom-translate.py		Not found/home/pentester/atom//tmp.py		Not found/home/pentester/atom//the-loai-6.rss		Not found/home/pentester/atom//generateFeedAtom-nemo.py		Not found
2013-09-23 23:25:49,440 /home/pentester/atom//the-loai-4.rss		Not found/home/pentester/atom//generateFeedAtom-notranslate.py		Not found/home/pentester/atom//markReadAll.py		Not found/home/pentester/atom//generateFeedAtom.py		Not found/home/pentester/atom//rss.log		Not found/home/pentester/atom//generateFeedAtom12-6-2013.py		Not found/home/pentester/atom//the-loai-5.rss		Not found/home/pentester/atom//generateFeedAtom-translate.py		Not found/home/pentester/atom//tmp.py		Not found/home/pentester/atom//the-loai-6.rss		Not found/home/pentester/atom//generateFeedAtom-nemo.py		Not found/home/pentester/atom//countNews.py.v1		Not found
2013-09-23 23:25:49,440 /home/pentester/atom//the-loai-4.rss		Not found/home/pentester/atom//generateFeedAtom-notranslate.py		Not found/home/pentester/atom//markReadAll.py		Not found/home/pentester/atom//generateFeedAtom.py		Not found/home/pentester/atom//rss.log		Not found/home/pentester/atom//generateFeedAtom12-6-2013.py		Not found/home/pentester/atom//the-loai-5.rss		Not found/home/pentester/atom//generateFeedAtom-translate.py		Not found/home/pentester/atom//tmp.py		Not found/home/pentester/atom//the-loai-6.rss		Not found/home/pentester/atom//generateFeedAtom-nemo.py		Not found/home/pentester/atom//countNews.py.v1		Not found/home/pentester/atom//generateFeedAtom2.py		Not found
2013-09-23 23:25:49,440 /home/pentester/atom//the-loai-4.rss		Not found/home/pentester/atom//generateFeedAtom-notranslate.py		Not found/home/pentester/atom//markReadAll.py		Not found/home/pentester/atom//generateFeedAtom.py		Not found/home/pentester/atom//rss.log		Not found/home/pentester/atom//generateFeedAtom12-6-2013.py		Not found/home/pentester/atom//the-loai-5.rss		Not found/home/pentester/atom//generateFeedAtom-translate.py		Not found/home/pentester/atom//tmp.py		Not found/home/pentester/atom//the-loai-6.rss		Not found/home/pentester/atom//generateFeedAtom-nemo.py		Not found/home/pentester/atom//countNews.py.v1		Not found/home/pentester/atom//generateFeedAtom2.py		Not found/home/pentester/atom//trung-quoc-2.rss		Not found
2013-09-23 23:25:49,440 /home/pentester/atom//the-loai-4.rss		Not found/home/pentester/atom//generateFeedAtom-notranslate.py		Not found/home/pentester/atom//markReadAll.py		Not found/home/pentester/atom//generateFeedAtom.py		Not found/home/pentester/atom//rss.log		Not found/home/pentester/atom//generateFeedAtom12-6-2013.py		Not found/home/pentester/atom//the-loai-5.rss		Not found/home/pentester/atom//generateFeedAtom-translate.py		Not found/home/pentester/atom//tmp.py		Not found/home/pentester/atom//the-loai-6.rss		Not found/home/pentester/atom//generateFeedAtom-nemo.py		Not found/home/pentester/atom//countNews.py.v1		Not found/home/pentester/atom//generateFeedAtom2.py		Not found/home/pentester/atom//trung-quoc-2.rss		Not found/home/pentester/atom//countNews.py		Not found
2013-09-23 23:25:49,440 /home/pentester/atom//the-loai-4.rss		Not found/home/pentester/atom//generateFeedAtom-notranslate.py		Not found/home/pentester/atom//markReadAll.py		Not found/home/pentester/atom//generateFeedAtom.py		Not found/home/pentester/atom//rss.log		Not found/home/pentester/atom//generateFeedAtom12-6-2013.py		Not found/home/pentester/atom//the-loai-5.rss		Not found/home/pentester/atom//generateFeedAtom-translate.py		Not found/home/pentester/atom//tmp.py		Not found/home/pentester/atom//the-loai-6.rss		Not found/home/pentester/atom//generateFeedAtom-nemo.py		Not found/home/pentester/atom//countNews.py.v1		Not found/home/pentester/atom//generateFeedAtom2.py		Not found/home/pentester/atom//trung-quoc-2.rss		Not found/home/pentester/atom//countNews.py		Not found/home/pentester/atom/test/the-loai-4.rss		Not found
2013-09-23 23:25:49,440 /home/pentester/atom//the-loai-4.rss		Not found/home/pentester/atom//generateFeedAtom-notranslate.py		Not found/home/pentester/atom//markReadAll.py		Not found/home/pentester/atom//generateFeedAtom.py		Not found/home/pentester/atom//rss.log		Not found/home/pentester/atom//generateFeedAtom12-6-2013.py		Not found/home/pentester/atom//the-loai-5.rss		Not found/home/pentester/atom//generateFeedAtom-translate.py		Not found/home/pentester/atom//tmp.py		Not found/home/pentester/atom//the-loai-6.rss		Not found/home/pentester/atom//generateFeedAtom-nemo.py		Not found/home/pentester/atom//countNews.py.v1		Not found/home/pentester/atom//generateFeedAtom2.py		Not found/home/pentester/atom//trung-quoc-2.rss		Not found/home/pentester/atom//countNews.py		Not found/home/pentester/atom/test/the-loai-4.rss		Not found/home/pentester/atom/test/the-loai-5.rss		Not found
2013-09-23 23:25:49,440 /home/pentester/atom//the-loai-4.rss		Not found/home/pentester/atom//generateFeedAtom-notranslate.py		Not found/home/pentester/atom//markReadAll.py		Not found/home/pentester/atom//generateFeedAtom.py		Not found/home/pentester/atom//rss.log		Not found/home/pentester/atom//generateFeedAtom12-6-2013.py		Not found/home/pentester/atom//the-loai-5.rss		Not found/home/pentester/atom//generateFeedAtom-translate.py		Not found/home/pentester/atom//tmp.py		Not found/home/pentester/atom//the-loai-6.rss		Not found/home/pentester/atom//generateFeedAtom-nemo.py		Not found/home/pentester/atom//countNews.py.v1		Not found/home/pentester/atom//generateFeedAtom2.py		Not found/home/pentester/atom//trung-quoc-2.rss		Not found/home/pentester/atom//countNews.py		Not found/home/pentester/atom/test/the-loai-4.rss		Not found/home/pentester/atom/test/the-loai-5.rss		Not found/home/pentester/atom/test/the-loai-6.rss		Not found
2013-09-23 23:29:41,410 /home/pentester/atom//the-loai-4.rss	Not found+

2013-09-23 23:29:41,410 /home/pentester/atom//the-loai-4.rss	Not found+
/home/pentester/atom//generateFeedAtom-notranslate.py	Not found+

2013-09-23 23:29:41,410 /home/pentester/atom//the-loai-4.rss	Not found+
/home/pentester/atom//generateFeedAtom-notranslate.py	Not found+
/home/pentester/atom//markReadAll.py	Not found+

2013-09-23 23:29:41,410 /home/pentester/atom//the-loai-4.rss	Not found+
/home/pentester/atom//generateFeedAtom-notranslate.py	Not found+
/home/pentester/atom//markReadAll.py	Not found+
/home/pentester/atom//generateFeedAtom.py	Not found+

2013-09-23 23:29:41,410 /home/pentester/atom//the-loai-4.rss	Not found+
/home/pentester/atom//generateFeedAtom-notranslate.py	Not found+
/home/pentester/atom//markReadAll.py	Not found+
/home/pentester/atom//generateFeedAtom.py	Not found+
/home/pentester/atom//rss.log	Not found+

2013-09-23 23:29:41,410 /home/pentester/atom//the-loai-4.rss	Not found+
/home/pentester/atom//generateFeedAtom-notranslate.py	Not found+
/home/pentester/atom//markReadAll.py	Not found+
/home/pentester/atom//generateFeedAtom.py	Not found+
/home/pentester/atom//rss.log	Not found+
/home/pentester/atom//generateFeedAtom12-6-2013.py	Not found+

2013-09-23 23:29:41,410 /home/pentester/atom//the-loai-4.rss	Not found+
/home/pentester/atom//generateFeedAtom-notranslate.py	Not found+
/home/pentester/atom//markReadAll.py	Not found+
/home/pentester/atom//generateFeedAtom.py	Not found+
/home/pentester/atom//rss.log	Not found+
/home/pentester/atom//generateFeedAtom12-6-2013.py	Not found+
/home/pentester/atom//the-loai-5.rss	Not found+

2013-09-23 23:29:41,410 /home/pentester/atom//the-loai-4.rss	Not found+
/home/pentester/atom//generateFeedAtom-notranslate.py	Not found+
/home/pentester/atom//markReadAll.py	Not found+
/home/pentester/atom//generateFeedAtom.py	Not found+
/home/pentester/atom//rss.log	Not found+
/home/pentester/atom//generateFeedAtom12-6-2013.py	Not found+
/home/pentester/atom//the-loai-5.rss	Not found+
/home/pentester/atom//generateFeedAtom-translate.py	Not found+

2013-09-23 23:29:41,410 /home/pentester/atom//the-loai-4.rss	Not found+
/home/pentester/atom//generateFeedAtom-notranslate.py	Not found+
/home/pentester/atom//markReadAll.py	Not found+
/home/pentester/atom//generateFeedAtom.py	Not found+
/home/pentester/atom//rss.log	Not found+
/home/pentester/atom//generateFeedAtom12-6-2013.py	Not found+
/home/pentester/atom//the-loai-5.rss	Not found+
/home/pentester/atom//generateFeedAtom-translate.py	Not found+
/home/pentester/atom//tmp.py	Not found+

2013-09-23 23:29:41,410 /home/pentester/atom//the-loai-4.rss	Not found+
/home/pentester/atom//generateFeedAtom-notranslate.py	Not found+
/home/pentester/atom//markReadAll.py	Not found+
/home/pentester/atom//generateFeedAtom.py	Not found+
/home/pentester/atom//rss.log	Not found+
/home/pentester/atom//generateFeedAtom12-6-2013.py	Not found+
/home/pentester/atom//the-loai-5.rss	Not found+
/home/pentester/atom//generateFeedAtom-translate.py	Not found+
/home/pentester/atom//tmp.py	Not found+
/home/pentester/atom//the-loai-6.rss	Not found+

2013-09-23 23:29:41,410 /home/pentester/atom//the-loai-4.rss	Not found+
/home/pentester/atom//generateFeedAtom-notranslate.py	Not found+
/home/pentester/atom//markReadAll.py	Not found+
/home/pentester/atom//generateFeedAtom.py	Not found+
/home/pentester/atom//rss.log	Not found+
/home/pentester/atom//generateFeedAtom12-6-2013.py	Not found+
/home/pentester/atom//the-loai-5.rss	Not found+
/home/pentester/atom//generateFeedAtom-translate.py	Not found+
/home/pentester/atom//tmp.py	Not found+
/home/pentester/atom//the-loai-6.rss	Not found+
/home/pentester/atom//generateFeedAtom-nemo.py	Not found+

2013-09-23 23:29:41,411 /home/pentester/atom//the-loai-4.rss	Not found+
/home/pentester/atom//generateFeedAtom-notranslate.py	Not found+
/home/pentester/atom//markReadAll.py	Not found+
/home/pentester/atom//generateFeedAtom.py	Not found+
/home/pentester/atom//rss.log	Not found+
/home/pentester/atom//generateFeedAtom12-6-2013.py	Not found+
/home/pentester/atom//the-loai-5.rss	Not found+
/home/pentester/atom//generateFeedAtom-translate.py	Not found+
/home/pentester/atom//tmp.py	Not found+
/home/pentester/atom//the-loai-6.rss	Not found+
/home/pentester/atom//generateFeedAtom-nemo.py	Not found+
/home/pentester/atom//countNews.py.v1	Not found+

2013-09-23 23:29:41,411 /home/pentester/atom//the-loai-4.rss	Not found+
/home/pentester/atom//generateFeedAtom-notranslate.py	Not found+
/home/pentester/atom//markReadAll.py	Not found+
/home/pentester/atom//generateFeedAtom.py	Not found+
/home/pentester/atom//rss.log	Not found+
/home/pentester/atom//generateFeedAtom12-6-2013.py	Not found+
/home/pentester/atom//the-loai-5.rss	Not found+
/home/pentester/atom//generateFeedAtom-translate.py	Not found+
/home/pentester/atom//tmp.py	Not found+
/home/pentester/atom//the-loai-6.rss	Not found+
/home/pentester/atom//generateFeedAtom-nemo.py	Not found+
/home/pentester/atom//countNews.py.v1	Not found+
/home/pentester/atom//generateFeedAtom2.py	Not found+

2013-09-23 23:29:41,411 /home/pentester/atom//the-loai-4.rss	Not found+
/home/pentester/atom//generateFeedAtom-notranslate.py	Not found+
/home/pentester/atom//markReadAll.py	Not found+
/home/pentester/atom//generateFeedAtom.py	Not found+
/home/pentester/atom//rss.log	Not found+
/home/pentester/atom//generateFeedAtom12-6-2013.py	Not found+
/home/pentester/atom//the-loai-5.rss	Not found+
/home/pentester/atom//generateFeedAtom-translate.py	Not found+
/home/pentester/atom//tmp.py	Not found+
/home/pentester/atom//the-loai-6.rss	Not found+
/home/pentester/atom//generateFeedAtom-nemo.py	Not found+
/home/pentester/atom//countNews.py.v1	Not found+
/home/pentester/atom//generateFeedAtom2.py	Not found+
/home/pentester/atom//trung-quoc-2.rss	Not found+

2013-09-23 23:29:41,411 /home/pentester/atom//the-loai-4.rss	Not found+
/home/pentester/atom//generateFeedAtom-notranslate.py	Not found+
/home/pentester/atom//markReadAll.py	Not found+
/home/pentester/atom//generateFeedAtom.py	Not found+
/home/pentester/atom//rss.log	Not found+
/home/pentester/atom//generateFeedAtom12-6-2013.py	Not found+
/home/pentester/atom//the-loai-5.rss	Not found+
/home/pentester/atom//generateFeedAtom-translate.py	Not found+
/home/pentester/atom//tmp.py	Not found+
/home/pentester/atom//the-loai-6.rss	Not found+
/home/pentester/atom//generateFeedAtom-nemo.py	Not found+
/home/pentester/atom//countNews.py.v1	Not found+
/home/pentester/atom//generateFeedAtom2.py	Not found+
/home/pentester/atom//trung-quoc-2.rss	Not found+
/home/pentester/atom//countNews.py	Not found+

2013-09-23 23:29:41,411 /home/pentester/atom//the-loai-4.rss	Not found+
/home/pentester/atom//generateFeedAtom-notranslate.py	Not found+
/home/pentester/atom//markReadAll.py	Not found+
/home/pentester/atom//generateFeedAtom.py	Not found+
/home/pentester/atom//rss.log	Not found+
/home/pentester/atom//generateFeedAtom12-6-2013.py	Not found+
/home/pentester/atom//the-loai-5.rss	Not found+
/home/pentester/atom//generateFeedAtom-translate.py	Not found+
/home/pentester/atom//tmp.py	Not found+
/home/pentester/atom//the-loai-6.rss	Not found+
/home/pentester/atom//generateFeedAtom-nemo.py	Not found+
/home/pentester/atom//countNews.py.v1	Not found+
/home/pentester/atom//generateFeedAtom2.py	Not found+
/home/pentester/atom//trung-quoc-2.rss	Not found+
/home/pentester/atom//countNews.py	Not found+
/home/pentester/atom/test/the-loai-4.rss	Not found+

2013-09-23 23:29:41,411 /home/pentester/atom//the-loai-4.rss	Not found+
/home/pentester/atom//generateFeedAtom-notranslate.py	Not found+
/home/pentester/atom//markReadAll.py	Not found+
/home/pentester/atom//generateFeedAtom.py	Not found+
/home/pentester/atom//rss.log	Not found+
/home/pentester/atom//generateFeedAtom12-6-2013.py	Not found+
/home/pentester/atom//the-loai-5.rss	Not found+
/home/pentester/atom//generateFeedAtom-translate.py	Not found+
/home/pentester/atom//tmp.py	Not found+
/home/pentester/atom//the-loai-6.rss	Not found+
/home/pentester/atom//generateFeedAtom-nemo.py	Not found+
/home/pentester/atom//countNews.py.v1	Not found+
/home/pentester/atom//generateFeedAtom2.py	Not found+
/home/pentester/atom//trung-quoc-2.rss	Not found+
/home/pentester/atom//countNews.py	Not found+
/home/pentester/atom/test/the-loai-4.rss	Not found+
/home/pentester/atom/test/the-loai-5.rss	Not found+

2013-09-23 23:29:41,411 /home/pentester/atom//the-loai-4.rss	Not found+
/home/pentester/atom//generateFeedAtom-notranslate.py	Not found+
/home/pentester/atom//markReadAll.py	Not found+
/home/pentester/atom//generateFeedAtom.py	Not found+
/home/pentester/atom//rss.log	Not found+
/home/pentester/atom//generateFeedAtom12-6-2013.py	Not found+
/home/pentester/atom//the-loai-5.rss	Not found+
/home/pentester/atom//generateFeedAtom-translate.py	Not found+
/home/pentester/atom//tmp.py	Not found+
/home/pentester/atom//the-loai-6.rss	Not found+
/home/pentester/atom//generateFeedAtom-nemo.py	Not found+
/home/pentester/atom//countNews.py.v1	Not found+
/home/pentester/atom//generateFeedAtom2.py	Not found+
/home/pentester/atom//trung-quoc-2.rss	Not found+
/home/pentester/atom//countNews.py	Not found+
/home/pentester/atom/test/the-loai-4.rss	Not found+
/home/pentester/atom/test/the-loai-5.rss	Not found+
/home/pentester/atom/test/the-loai-6.rss	Not found+

2013-09-23 23:30:17,038 /home/pentester/atom//the-loai-4.rss	Not found 

2013-09-23 23:30:17,038 /home/pentester/atom//the-loai-4.rss	Not found 
/home/pentester/atom//generateFeedAtom-notranslate.py	Not found 

2013-09-23 23:30:17,038 /home/pentester/atom//the-loai-4.rss	Not found 
/home/pentester/atom//generateFeedAtom-notranslate.py	Not found 
/home/pentester/atom//markReadAll.py	Not found 

2013-09-23 23:30:17,038 /home/pentester/atom//the-loai-4.rss	Not found 
/home/pentester/atom//generateFeedAtom-notranslate.py	Not found 
/home/pentester/atom//markReadAll.py	Not found 
/home/pentester/atom//generateFeedAtom.py	Not found 

2013-09-23 23:30:17,038 /home/pentester/atom//the-loai-4.rss	Not found 
/home/pentester/atom//generateFeedAtom-notranslate.py	Not found 
/home/pentester/atom//markReadAll.py	Not found 
/home/pentester/atom//generateFeedAtom.py	Not found 
/home/pentester/atom//rss.log	Not found 

2013-09-23 23:30:17,039 /home/pentester/atom//the-loai-4.rss	Not found 
/home/pentester/atom//generateFeedAtom-notranslate.py	Not found 
/home/pentester/atom//markReadAll.py	Not found 
/home/pentester/atom//generateFeedAtom.py	Not found 
/home/pentester/atom//rss.log	Not found 
/home/pentester/atom//generateFeedAtom12-6-2013.py	Not found 

2013-09-23 23:30:17,039 /home/pentester/atom//the-loai-4.rss	Not found 
/home/pentester/atom//generateFeedAtom-notranslate.py	Not found 
/home/pentester/atom//markReadAll.py	Not found 
/home/pentester/atom//generateFeedAtom.py	Not found 
/home/pentester/atom//rss.log	Not found 
/home/pentester/atom//generateFeedAtom12-6-2013.py	Not found 
/home/pentester/atom//the-loai-5.rss	Not found 

2013-09-23 23:30:17,039 /home/pentester/atom//the-loai-4.rss	Not found 
/home/pentester/atom//generateFeedAtom-notranslate.py	Not found 
/home/pentester/atom//markReadAll.py	Not found 
/home/pentester/atom//generateFeedAtom.py	Not found 
/home/pentester/atom//rss.log	Not found 
/home/pentester/atom//generateFeedAtom12-6-2013.py	Not found 
/home/pentester/atom//the-loai-5.rss	Not found 
/home/pentester/atom//generateFeedAtom-translate.py	Not found 

2013-09-23 23:30:17,039 /home/pentester/atom//the-loai-4.rss	Not found 
/home/pentester/atom//generateFeedAtom-notranslate.py	Not found 
/home/pentester/atom//markReadAll.py	Not found 
/home/pentester/atom//generateFeedAtom.py	Not found 
/home/pentester/atom//rss.log	Not found 
/home/pentester/atom//generateFeedAtom12-6-2013.py	Not found 
/home/pentester/atom//the-loai-5.rss	Not found 
/home/pentester/atom//generateFeedAtom-translate.py	Not found 
/home/pentester/atom//tmp.py	Not found 

2013-09-23 23:30:17,039 /home/pentester/atom//the-loai-4.rss	Not found 
/home/pentester/atom//generateFeedAtom-notranslate.py	Not found 
/home/pentester/atom//markReadAll.py	Not found 
/home/pentester/atom//generateFeedAtom.py	Not found 
/home/pentester/atom//rss.log	Not found 
/home/pentester/atom//generateFeedAtom12-6-2013.py	Not found 
/home/pentester/atom//the-loai-5.rss	Not found 
/home/pentester/atom//generateFeedAtom-translate.py	Not found 
/home/pentester/atom//tmp.py	Not found 
/home/pentester/atom//the-loai-6.rss	Not found 

2013-09-23 23:30:17,039 /home/pentester/atom//the-loai-4.rss	Not found 
/home/pentester/atom//generateFeedAtom-notranslate.py	Not found 
/home/pentester/atom//markReadAll.py	Not found 
/home/pentester/atom//generateFeedAtom.py	Not found 
/home/pentester/atom//rss.log	Not found 
/home/pentester/atom//generateFeedAtom12-6-2013.py	Not found 
/home/pentester/atom//the-loai-5.rss	Not found 
/home/pentester/atom//generateFeedAtom-translate.py	Not found 
/home/pentester/atom//tmp.py	Not found 
/home/pentester/atom//the-loai-6.rss	Not found 
/home/pentester/atom//generateFeedAtom-nemo.py	Not found 

2013-09-23 23:30:17,039 /home/pentester/atom//the-loai-4.rss	Not found 
/home/pentester/atom//generateFeedAtom-notranslate.py	Not found 
/home/pentester/atom//markReadAll.py	Not found 
/home/pentester/atom//generateFeedAtom.py	Not found 
/home/pentester/atom//rss.log	Not found 
/home/pentester/atom//generateFeedAtom12-6-2013.py	Not found 
/home/pentester/atom//the-loai-5.rss	Not found 
/home/pentester/atom//generateFeedAtom-translate.py	Not found 
/home/pentester/atom//tmp.py	Not found 
/home/pentester/atom//the-loai-6.rss	Not found 
/home/pentester/atom//generateFeedAtom-nemo.py	Not found 
/home/pentester/atom//countNews.py.v1	Not found 

2013-09-23 23:30:17,039 /home/pentester/atom//the-loai-4.rss	Not found 
/home/pentester/atom//generateFeedAtom-notranslate.py	Not found 
/home/pentester/atom//markReadAll.py	Not found 
/home/pentester/atom//generateFeedAtom.py	Not found 
/home/pentester/atom//rss.log	Not found 
/home/pentester/atom//generateFeedAtom12-6-2013.py	Not found 
/home/pentester/atom//the-loai-5.rss	Not found 
/home/pentester/atom//generateFeedAtom-translate.py	Not found 
/home/pentester/atom//tmp.py	Not found 
/home/pentester/atom//the-loai-6.rss	Not found 
/home/pentester/atom//generateFeedAtom-nemo.py	Not found 
/home/pentester/atom//countNews.py.v1	Not found 
/home/pentester/atom//generateFeedAtom2.py	Not found 

2013-09-23 23:30:17,039 /home/pentester/atom//the-loai-4.rss	Not found 
/home/pentester/atom//generateFeedAtom-notranslate.py	Not found 
/home/pentester/atom//markReadAll.py	Not found 
/home/pentester/atom//generateFeedAtom.py	Not found 
/home/pentester/atom//rss.log	Not found 
/home/pentester/atom//generateFeedAtom12-6-2013.py	Not found 
/home/pentester/atom//the-loai-5.rss	Not found 
/home/pentester/atom//generateFeedAtom-translate.py	Not found 
/home/pentester/atom//tmp.py	Not found 
/home/pentester/atom//the-loai-6.rss	Not found 
/home/pentester/atom//generateFeedAtom-nemo.py	Not found 
/home/pentester/atom//countNews.py.v1	Not found 
/home/pentester/atom//generateFeedAtom2.py	Not found 
/home/pentester/atom//trung-quoc-2.rss	Not found 

2013-09-23 23:30:17,039 /home/pentester/atom//the-loai-4.rss	Not found 
/home/pentester/atom//generateFeedAtom-notranslate.py	Not found 
/home/pentester/atom//markReadAll.py	Not found 
/home/pentester/atom//generateFeedAtom.py	Not found 
/home/pentester/atom//rss.log	Not found 
/home/pentester/atom//generateFeedAtom12-6-2013.py	Not found 
/home/pentester/atom//the-loai-5.rss	Not found 
/home/pentester/atom//generateFeedAtom-translate.py	Not found 
/home/pentester/atom//tmp.py	Not found 
/home/pentester/atom//the-loai-6.rss	Not found 
/home/pentester/atom//generateFeedAtom-nemo.py	Not found 
/home/pentester/atom//countNews.py.v1	Not found 
/home/pentester/atom//generateFeedAtom2.py	Not found 
/home/pentester/atom//trung-quoc-2.rss	Not found 
/home/pentester/atom//countNews.py	Not found 

2013-09-23 23:30:17,039 /home/pentester/atom//the-loai-4.rss	Not found 
/home/pentester/atom//generateFeedAtom-notranslate.py	Not found 
/home/pentester/atom//markReadAll.py	Not found 
/home/pentester/atom//generateFeedAtom.py	Not found 
/home/pentester/atom//rss.log	Not found 
/home/pentester/atom//generateFeedAtom12-6-2013.py	Not found 
/home/pentester/atom//the-loai-5.rss	Not found 
/home/pentester/atom//generateFeedAtom-translate.py	Not found 
/home/pentester/atom//tmp.py	Not found 
/home/pentester/atom//the-loai-6.rss	Not found 
/home/pentester/atom//generateFeedAtom-nemo.py	Not found 
/home/pentester/atom//countNews.py.v1	Not found 
/home/pentester/atom//generateFeedAtom2.py	Not found 
/home/pentester/atom//trung-quoc-2.rss	Not found 
/home/pentester/atom//countNews.py	Not found 
/home/pentester/atom/test/the-loai-4.rss	Not found 

2013-09-23 23:30:17,039 /home/pentester/atom//the-loai-4.rss	Not found 
/home/pentester/atom//generateFeedAtom-notranslate.py	Not found 
/home/pentester/atom//markReadAll.py	Not found 
/home/pentester/atom//generateFeedAtom.py	Not found 
/home/pentester/atom//rss.log	Not found 
/home/pentester/atom//generateFeedAtom12-6-2013.py	Not found 
/home/pentester/atom//the-loai-5.rss	Not found 
/home/pentester/atom//generateFeedAtom-translate.py	Not found 
/home/pentester/atom//tmp.py	Not found 
/home/pentester/atom//the-loai-6.rss	Not found 
/home/pentester/atom//generateFeedAtom-nemo.py	Not found 
/home/pentester/atom//countNews.py.v1	Not found 
/home/pentester/atom//generateFeedAtom2.py	Not found 
/home/pentester/atom//trung-quoc-2.rss	Not found 
/home/pentester/atom//countNews.py	Not found 
/home/pentester/atom/test/the-loai-4.rss	Not found 
/home/pentester/atom/test/the-loai-5.rss	Not found 

2013-09-23 23:30:17,039 /home/pentester/atom//the-loai-4.rss	Not found 
/home/pentester/atom//generateFeedAtom-notranslate.py	Not found 
/home/pentester/atom//markReadAll.py	Not found 
/home/pentester/atom//generateFeedAtom.py	Not found 
/home/pentester/atom//rss.log	Not found 
/home/pentester/atom//generateFeedAtom12-6-2013.py	Not found 
/home/pentester/atom//the-loai-5.rss	Not found 
/home/pentester/atom//generateFeedAtom-translate.py	Not found 
/home/pentester/atom//tmp.py	Not found 
/home/pentester/atom//the-loai-6.rss	Not found 
/home/pentester/atom//generateFeedAtom-nemo.py	Not found 
/home/pentester/atom//countNews.py.v1	Not found 
/home/pentester/atom//generateFeedAtom2.py	Not found 
/home/pentester/atom//trung-quoc-2.rss	Not found 
/home/pentester/atom//countNews.py	Not found 
/home/pentester/atom/test/the-loai-4.rss	Not found 
/home/pentester/atom/test/the-loai-5.rss	Not found 
/home/pentester/atom/test/the-loai-6.rss	Not found 

2013-09-23 23:35:30,237 /home/pentester/atom//the-loai-4.rss	Not found 

2013-09-23 23:35:30,237 /home/pentester/atom//generateFeedAtom-notranslate.py	Not found 

2013-09-23 23:35:30,237 /home/pentester/atom//markReadAll.py	Not found 

2013-09-23 23:35:30,237 /home/pentester/atom//generateFeedAtom.py	Not found 

2013-09-23 23:35:30,237 /home/pentester/atom//rss.log	Not found 

2013-09-23 23:35:30,238 /home/pentester/atom//generateFeedAtom12-6-2013.py	Not found 

2013-09-23 23:35:30,238 /home/pentester/atom//the-loai-5.rss	Not found 

2013-09-23 23:35:30,238 /home/pentester/atom//generateFeedAtom-translate.py	Not found 

2013-09-23 23:35:30,238 /home/pentester/atom//tmp.py	Not found 

2013-09-23 23:35:30,238 /home/pentester/atom//the-loai-6.rss	Not found 

2013-09-23 23:35:30,238 /home/pentester/atom//generateFeedAtom-nemo.py	Not found 

2013-09-23 23:35:30,238 /home/pentester/atom//countNews.py.v1	Not found 

2013-09-23 23:35:30,238 /home/pentester/atom//generateFeedAtom2.py	Not found 

2013-09-23 23:35:30,238 /home/pentester/atom//trung-quoc-2.rss	Not found 

2013-09-23 23:35:30,238 /home/pentester/atom//countNews.py	Not found 

2013-09-23 23:35:30,238 /home/pentester/atom/test/the-loai-4.rss	Not found 

2013-09-23 23:35:30,238 /home/pentester/atom/test/the-loai-5.rss	Not found 

2013-09-23 23:35:30,238 /home/pentester/atom/test/the-loai-6.rss	Not found 

2013-09-23 23:37:12,010 /home/pentester/atom//the-loai-4.rss	Not found
2013-09-23 23:37:12,010 /home/pentester/atom//generateFeedAtom-notranslate.py	Not found
2013-09-23 23:37:12,011 /home/pentester/atom//markReadAll.py	Not found
2013-09-23 23:37:12,011 /home/pentester/atom//generateFeedAtom.py	Not found
2013-09-23 23:37:12,011 /home/pentester/atom//rss.log	Not found
2013-09-23 23:37:12,011 /home/pentester/atom//generateFeedAtom12-6-2013.py	Not found
2013-09-23 23:37:12,011 /home/pentester/atom//the-loai-5.rss	Not found
2013-09-23 23:37:12,011 /home/pentester/atom//generateFeedAtom-translate.py	Not found
2013-09-23 23:37:12,011 /home/pentester/atom//tmp.py	Not found
2013-09-23 23:37:12,011 /home/pentester/atom//the-loai-6.rss	Not found
2013-09-23 23:37:12,011 /home/pentester/atom//generateFeedAtom-nemo.py	Not found
2013-09-23 23:37:12,011 /home/pentester/atom//countNews.py.v1	Not found
2013-09-23 23:37:12,011 /home/pentester/atom//generateFeedAtom2.py	Not found
2013-09-23 23:37:12,011 /home/pentester/atom//trung-quoc-2.rss	Not found
2013-09-23 23:37:12,011 /home/pentester/atom//countNews.py	Not found
2013-09-23 23:37:12,011 /home/pentester/atom/test/the-loai-4.rss	Not found
2013-09-23 23:37:12,012 /home/pentester/atom/test/the-loai-5.rss	Not found
2013-09-23 23:37:12,012 /home/pentester/atom/test/the-loai-6.rss	Not found
2013-09-23 23:39:39,034 /home/pentester/atom//the-loai-4.rss	Not found
2013-09-23 23:39:39,034 /home/pentester/atom//generateFeedAtom-notranslate.py	Not found
2013-09-23 23:39:39,034 /home/pentester/atom//markReadAll.py	Not found
2013-09-23 23:39:39,034 /home/pentester/atom//generateFeedAtom.py	Not found
2013-09-23 23:39:39,034 /home/pentester/atom//rss.log	Not found
2013-09-23 23:39:39,034 /home/pentester/atom//generateFeedAtom12-6-2013.py	Not found
2013-09-23 23:39:39,034 /home/pentester/atom//the-loai-5.rss	Not found
2013-09-23 23:39:39,034 /home/pentester/atom//generateFeedAtom-translate.py	Not found
2013-09-23 23:39:39,034 /home/pentester/atom//tmp.py	Not found
2013-09-23 23:39:39,034 /home/pentester/atom//the-loai-6.rss	Not found
2013-09-23 23:39:39,035 /home/pentester/atom//generateFeedAtom-nemo.py	Not found
2013-09-23 23:39:39,035 /home/pentester/atom//countNews.py.v1	Not found
2013-09-23 23:39:39,035 /home/pentester/atom//generateFeedAtom2.py	Not found
2013-09-23 23:39:39,035 /home/pentester/atom//trung-quoc-2.rss	Not found
2013-09-23 23:39:39,035 /home/pentester/atom//countNews.py	Not found
2013-09-23 23:39:39,035 /home/pentester/atom/test/the-loai-4.rss	Not found
2013-09-23 23:39:39,035 /home/pentester/atom/test/the-loai-5.rss	Not found
2013-09-23 23:39:39,035 /home/pentester/atom/test/the-loai-6.rss	Not found
2013-09-23 23:42:46,699 /home/pentester/atom//the-loai-4.rss	Not found
2013-09-23 23:42:46,699 /home/pentester/atom//generateFeedAtom-notranslate.py	Not found
2013-09-23 23:42:46,699 /home/pentester/atom//markReadAll.py	Not found
2013-09-23 23:42:46,700 /home/pentester/atom//generateFeedAtom.py	Not found
2013-09-23 23:42:46,700 /home/pentester/atom//rss.log	Not found
2013-09-23 23:42:46,700 /home/pentester/atom//generateFeedAtom12-6-2013.py	Not found
2013-09-23 23:42:46,700 /home/pentester/atom//the-loai-5.rss	Not found
2013-09-23 23:42:46,700 /home/pentester/atom//generateFeedAtom-translate.py	Not found
2013-09-23 23:42:46,700 /home/pentester/atom//tmp.py	Not found
2013-09-23 23:42:46,700 /home/pentester/atom//the-loai-6.rss	Not found
2013-09-23 23:42:46,700 /home/pentester/atom//generateFeedAtom-nemo.py	Not found
2013-09-23 23:42:46,700 /home/pentester/atom//countNews.py.v1	Not found
2013-09-23 23:42:46,700 /home/pentester/atom//generateFeedAtom2.py	Not found
2013-09-23 23:42:46,700 /home/pentester/atom//trung-quoc-2.rss	Not found
2013-09-23 23:42:46,700 /home/pentester/atom//countNews.py	Not found
2013-09-23 23:42:46,701 /home/pentester/atom/test/the-loai-4.rss	Not found
2013-09-23 23:42:46,701 /home/pentester/atom/test/the-loai-5.rss	Not found
2013-09-23 23:42:46,701 /home/pentester/atom/test/the-loai-6.rss	Not found
2013-09-23 23:43:21,357 /home/pentester/atom/the-loai-4.rss	Not found
2013-09-23 23:43:21,357 /home/pentester/atom/generateFeedAtom-notranslate.py	Not found
2013-09-23 23:43:21,357 /home/pentester/atom/markReadAll.py	Not found
2013-09-23 23:43:21,358 /home/pentester/atom/generateFeedAtom.py	Not found
2013-09-23 23:43:21,358 /home/pentester/atom/rss.log	Not found
2013-09-23 23:43:21,358 /home/pentester/atom/generateFeedAtom12-6-2013.py	Not found
2013-09-23 23:43:21,358 /home/pentester/atom/the-loai-5.rss	Not found
2013-09-23 23:43:21,358 /home/pentester/atom/generateFeedAtom-translate.py	Not found
2013-09-23 23:43:21,358 /home/pentester/atom/tmp.py	Not found
2013-09-23 23:43:21,358 /home/pentester/atom/the-loai-6.rss	Not found
2013-09-23 23:43:21,358 /home/pentester/atom/generateFeedAtom-nemo.py	Not found
2013-09-23 23:43:21,358 /home/pentester/atom/countNews.py.v1	Not found
2013-09-23 23:43:21,358 /home/pentester/atom/generateFeedAtom2.py	Not found
2013-09-23 23:43:21,358 /home/pentester/atom/trung-quoc-2.rss	Not found
2013-09-23 23:43:21,359 /home/pentester/atom/countNews.py	Not found
2013-09-23 23:43:21,359 /home/pentester/atom/test/the-loai-4.rss	Not found
2013-09-23 23:43:21,359 /home/pentester/atom/test/the-loai-5.rss	Not found
2013-09-23 23:43:21,359 /home/pentester/atom/test/the-loai-6.rss	Not found
2013-09-24 00:18:37,701 /home/pentester/atom/the-loai-4.rss	Not found
2013-09-24 00:18:37,722 /home/pentester/atom/generateFeedAtom-notranslate.py	Not found
2013-09-24 00:18:37,722 /home/pentester/atom/markReadAll.py	Not found
2013-09-24 00:18:37,722 /home/pentester/atom/generateFeedAtom.py	Not found
2013-09-24 00:18:37,722 /home/pentester/atom/rss.log	Not found
2013-09-24 00:18:37,723 /home/pentester/atom/generateFeedAtom12-6-2013.py	Not found
2013-09-24 00:18:37,723 /home/pentester/atom/the-loai-5.rss	Not found
2013-09-24 00:18:37,723 /home/pentester/atom/generateFeedAtom-translate.py	Not found
2013-09-24 00:18:37,723 /home/pentester/atom/tmp.py	Not found
2013-09-24 00:18:37,723 /home/pentester/atom/the-loai-6.rss	Not found
2013-09-24 00:18:37,723 /home/pentester/atom/generateFeedAtom-nemo.py	Not found
2013-09-24 00:18:37,724 /home/pentester/atom/countNews.py.v1	Not found
2013-09-24 00:18:37,724 /home/pentester/atom/generateFeedAtom2.py	Not found
2013-09-24 00:18:37,724 /home/pentester/atom/trung-quoc-2.rss	Not found
2013-09-24 00:18:37,724 /home/pentester/atom/countNews.py	Not found
2013-09-24 00:18:37,724 /home/pentester/atom/test/the-loai-4.rss	Not found
2013-09-24 00:18:37,724 /home/pentester/atom/test/the-loai-5.rss	Not found
2013-09-24 00:18:37,724 /home/pentester/atom/test/the-loai-6.rss	Not found
