29301 || 2013-06-27 00:18:50 || Large collection of Georgian elite sniper spy for the big race marksmanship system

29300 || 2013-06-27 00:18:50 || Indian media hype about 40 PLO camps built into Bhutanese territory

29299 || 2013-06-27 00:18:50 || Kyrgyzstan should " get rid of " the U.S. military : Russia defensive attack America

29280 || 2013-06-27 00:03:42 || Japanese media care about the " China-ROK close" to ask you which is to leave Japan

29279 || 2013-06-27 00:03:42 || Expert: PLA military exercises in the Pacific Rim will facilitate the resolution of maritime issues

29277 || 2013-06-26 23:48:32 || Wang Yaping and her husband grow old photo album Shots exposure [ Figure ]

29276 || 2013-06-26 23:48:32 || Department of Defense Military Flying response : on the future scientists and engineers can

29275 || 2013-06-26 23:48:32 || Chinese Air Force fighter female pilots into the first two bachelor battle position

29274 || 2013-06-26 23:48:32 || China first sent security forces peacekeeping promises hope the Philippine side to stop violations of sovereignty

29273 || 2013-06-26 23:48:32 || Recently the Prime Minister reiterated that stance over the Diaoyu Islands to understand China had agreed to shelve the sovereignty date

29272 || 2013-06-26 23:48:32 || DPRK media: If the universe is only war commander General Kim Il Sung competent Earth

29271 || 2013-06-26 23:48:32 || HD: Google Candid Chinese aircraft carrier naval base of more than 20 warships legible

29270 || 2013-06-26 23:48:32 || HD: Israeli elite troops hold military exercises in the Golan Heights

29139 || 2013-06-26 23:18:14 || US-Japan joint drills Island wins Chinese how to do ?

29138 || 2013-06-26 23:18:14 || U.S. to build a missile defense system in the Asia-Pacific strategic considerations

29137 || 2013-06-26 23:18:14 || Philippine-US military exercises each sent 500 celebrities Used flagship Philippine Army unveiled [ Figure ]

29136 || 2013-06-26 23:18:14 || Our military to participate in joint military exercises largest multinational maritime experts : the case of "test the water " in nature

29135 || 2013-06-26 23:18:14 || Obama : will not use fighters to intercept Snowdon through legal extradition

29134 || 2013-06-26 23:18:14 || US-Philippine military exercises in the South China Sea situation outside the Huangyan Island or further turmoil

29133 || 2013-06-26 23:18:14 || Strongly distance themselves from the US-Philippine joint military exercise "exercise against China " argument

29125 || 2013-06-26 22:47:58 || Defense Ministry spokesman : double standard is no good for network security

29124 || 2013-06-26 22:47:58 || People's Daily : China and India should build on the progress at the border issue properly

29123 || 2013-06-26 22:47:58 || In those years, the United States to play spy

29122 || 2013-06-26 22:47:58 || Shouting behind secretly monitor Internet freedom : " Prism door" exposure American Running

28815 || 2013-06-26 13:57:29 || Defense : In the future from a scientist or engineer in the selection of astronauts is very normal

28776 || 2013-06-26 13:42:15 || Bullet from his head across - visit Pakistan attack survivor Zhang Jingchuan

28771 || 2013-06-26 13:27:08 || Chinese maritime surveillance fleet continues to cruise in my Diaoyu Islands waters

28770 || 2013-06-26 13:27:08 || Beijing Military Region for the first time to organize a remote synchronous video assessment

28719 || 2013-06-26 12:26:29 || Defense Ministry spokesman on military hot issues answered reporters' questions

28718 || 2013-06-26 12:26:29 || China will send UN peacekeepers Mali Mission

28706 || 2013-06-26 11:56:09 || Defense Ministry spokesman on military hot issues answered reporters' questions

28705 || 2013-06-26 11:56:09 || China will send UN peacekeepers Mali

28669 || 2013-06-26 11:10:35 || Russian and U.S. military bases "in" , " out" release signal

28668 || 2013-06-26 11:10:35 || Philippines says is considering the US-Japan military bases open greater

28667 || 2013-06-26 11:10:35 || Defense : security mutual trust mechanism to discuss cross-strait military deployment may be discussed

28666 || 2013-06-26 11:10:35 || United States Department of Defense response to the motion involving the Diaoyu Islands : opposed to any foreign interference

28665 || 2013-06-26 11:10:35 || Japanese Defense Ministry intends to develop missile defense response to the Diaoyu Islands : surely in vain

28664 || 2013-06-26 11:10:35 || Russian Defense Ministry responded Chinese Su-35 fighter procurement issues

28663 || 2013-06-26 11:10:35 || Beijing Military Region for the first time to organize a remote synchronous video assessment

28625 || 2013-06-26 10:24:57 || DPRK media: If the universe is only war commander General Kim Il Sung competent Earth

29409 || 2013-06-27 01:19:18 || Media installment of " reality show" suspected of cheating the audience

29408 || 2013-06-27 01:19:18 || Secret: U.S. Space Shuttle cockpit interior sawed ? So complicated !

29407 || 2013-06-27 01:19:18 || Biography Hebei police force men jumping into a deadly chase people overloading Auxiliary had been suspended

29406 || 2013-06-27 01:19:18 || How to rent out fraud " trap" ?

29405 || 2013-06-27 01:19:18 || National Vocational Skills Competition held

29404 || 2013-06-27 01:19:18 || Beijing : children aged 0-6 years is expected to free rehabilitation

29403 || 2013-06-27 01:19:18 || Xi'an sea fishing trap "false yuba " Event Response: real discrepancies reported

29402 || 2013-06-27 01:19:18 || Taxi prices is double-edged sword

29401 || 2013-06-27 01:19:18 || Custard case of embarrassment engineering students tired of eating boiled eggs thrown away unawares Figure

29392 || 2013-06-27 01:04:05 || National Social Security Fund 's total assets broken trillion annual investment yield of 8.29%

29391 || 2013-06-27 01:04:05 || Former Secretary of Guangzhou 's first talk about corruption Woan garden : Work as usual no pressure

29390 || 2013-06-27 01:04:05 || Chinese capital city debt repayment rate of 189% over-reliance on land

29389 || 2013-06-27 01:04:05 || Pursue Mao Zedong wrote an inscription : Learning to nail

29388 || 2013-06-27 01:04:05 || Mao Zedong and Zhou Enlai, exposing the "political weakness" : half "Tiger gas" half " Monkey gas"

29387 || 2013-06-27 01:04:05 || Heritage , in economic development tragic " fall "

29386 || 2013-06-27 01:04:05 || Supreme Court requires special repaying the national membership card

29385 || 2013-06-27 01:04:05 || Chinese Air Force fighter female pilots into the first two bachelor battle position

29384 || 2013-06-27 01:04:05 || Beijing subway passengers falling killed netizens called for the installation of platform screen door rail

29383 || 2013-06-27 01:04:05 || Guangdong thousands of villagers held a hoe against the law continued : three villagers detained impede law enforcement

29382 || 2013-06-27 01:04:05 || China 's largest production base counties pepper pickers needed 100,000

29381 || 2013-06-27 01:04:05 || Tibet 's first RV driving team opened Tibet Exploration Tour

29380 || 2013-06-27 01:04:05 || China Coal Mine to the "best candidate " to send an olive branch Huang Zaiheng " want to read Teachers College "

29379 || 2013-06-27 01:04:05 || Do not let "people room" to " suck room"

29335 || 2013-06-27 00:33:46 || People's Daily : administrative approval to "minus" but also to "fine"

29334 || 2013-06-27 00:33:46 || Zhejiang, a 25 -year-old female primary school teacher killed ride robbed

29333 || 2013-06-27 00:33:46 || Shanshan, Xinjiang violence caused 24 human cases of terrorist attacks killed 11 policemen killed on the spot mob

29332 || 2013-06-27 00:33:46 || People's Daily : Hensha Wasteful focusing on clean

29331 || 2013-06-27 00:33:46 || Audit : 45 central departments, spending 698 million yuan in 2012 session

29330 || 2013-06-27 00:33:46 || Chinese attacks on Pakistani climbers returning remains of the victims

29329 || 2013-06-27 00:33:46 || Shanghai held riot training exercises

29328 || 2013-06-27 00:33:46 || Chengdu Special Issue opening letters and reports real real name to report two months gone through

29327 || 2013-06-27 00:33:46 || 2012 "Three" spending more than 500 million yuan less than the budget

29326 || 2013-06-27 00:33:46 || Shanghai Typhoon blue warning issued flood prevention

29325 || 2013-06-27 00:33:46 || Call 96156 Registration is free Wills Wills China Library launched the first " testamentary card"

29324 || 2013-06-27 00:33:46 || Wenchang in Hainan Overseas Chinese old house into a " national treasure"

29323 || 2013-06-27 00:33:46 || Sichuan Changning a scenic sinkhole discovered Habitat

29322 || 2013-06-27 00:33:46 || Beijing ARR of 3,660 yuan to buy a house for the month over alleged

29321 || 2013-06-27 00:33:46 || Jiangxi Wuyuan caused by heavy rains the river surged

29320 || 2013-06-27 00:33:46 || Environmental law revision should be forward-looking

29319 || 2013-06-27 00:33:46 || Shanghai held riot training exercises

29318 || 2013-06-27 00:33:46 || Shandong Weifang "runaway mom" ​​to donate a kidney to save the child

29317 || 2013-06-27 00:33:46 || 16 -year-old boy asked not QQ seeking contacts tile shot dead female high school students

29316 || 2013-06-27 00:33:46 || Meet the new era of the College Entrance Examination

29315 || 2013-06-27 00:33:46 || Weight loss was severe meningitis blind 20 -year-old girl intelligence equal to 6 year olds

29314 || 2013-06-27 00:33:46 || People's Forum : If the " lean sheep Doctor" cake

29313 || 2013-06-27 00:33:46 || Consideration of the draft amendment to the NPC Environmental Law Members: poisoning should be considered serious misconduct

29312 || 2013-06-27 00:33:46 || Beijing Consumers Association : Adidas shower gel and other six samples sampling failed

29311 || 2013-06-27 00:33:46 || China Life personnel wear uniforms potentially fraudulent bank said high interest rates this fiscal

29310 || 2013-06-27 00:33:46 || CCDI : membership card repaying the results will be formally announced

29309 || 2013-06-27 00:33:46 || North-central Guangxi, southern heavy rain and more rain showers northeastern North

29298 || 2013-06-27 00:18:35 || Shandong Weifang "runaway mom" ​​to donate a kidney to save the child

29297 || 2013-06-27 00:18:35 || Jiangxi Wuyuan caused by heavy rains the river surged

29296 || 2013-06-27 00:18:35 || Honghe Hani Terrace usher in the " era after the inscription "

29295 || 2013-06-27 00:18:35 || Summer Palace Museum reception program announced : rainstorm suspension ticketing

29208 || 2013-06-26 23:48:17 || Beijing rental price adjustment : the driver changed little difficult business income

29207 || 2013-06-26 23:48:17 || JiaoMeiYan requirements forecasting and warning service platform to promote the county building

29206 || 2013-06-26 23:48:17 || A rat rabbit heads the National Museum of the accession ceremony was held today or

29205 || 2013-06-26 23:48:17 || Beijing land revenue over the first half of last year

29204 || 2013-06-26 23:48:17 || High incidence of cancer along the Huaihe River tributaries Shenqiu County died of cancer two thousand a year

29203 || 2013-06-26 23:48:17 || Beijing Metro Line 2 recurrent falling rail installation PSD repeatedly postponed event

29202 || 2013-06-26 23:48:17 || Mainland of China 's first electronic invoice debut : more secure than paper invoices

29201 || 2013-06-26 23:48:17 || Central administrative unit administrative costs exceed 102.8 billion last year

29200 || 2013-06-26 23:48:17 || Beijing Shichahai proposed air alley north axis to reproduce the old scene

29199 || 2013-06-26 23:48:17 || Analysts said the lack of local tax revenue spending half of their current

29198 || 2013-06-26 23:48:17 || Ministry of Public Security : 43 City temporary foreign household workers can conveniently apply for a passport

29197 || 2013-06-26 23:48:17 || Our country will be built one hundred scientists studio with an international impact

29196 || 2013-06-26 23:48:17 || Excessive pesticide residues in Chinese medicine calls "the most stringent regulation"

29195 || 2013-06-26 23:48:17 || Highlighting the phenomenon of covert financing local capital city debt ratio up to 189%

29194 || 2013-06-26 23:48:17 || Paradise on earth ! Inventory of the world's 12 magnificent waters

29193 || 2013-06-26 23:48:17 || Another year of college admissions season " small fresh " Home Competition

29192 || 2013-06-26 23:48:17 || Misty picturesque Dongjiang

29191 || 2013-06-26 23:48:17 || David Yuanmingyuan four bronze animal heads on display in Shanghai

29190 || 2013-06-26 23:48:17 || "The most beautiful land of China Photography Contest " best selected works

29189 || 2013-06-26 23:48:17 || Shanshan, Xinjiang violence caused 24 human cases of terrorist attacks killed 11 policemen killed on the spot mob

29188 || 2013-06-26 23:48:17 || "Bubble building" security risks introduced worries

29187 || 2013-06-26 23:48:17 || Gold prices continue to fall

29186 || 2013-06-26 23:48:17 || Luoyang city "hot" baked gluten mutual love and ordinary people

29185 || 2013-06-26 23:48:17 || China 's largest contiguous secondary raw natural red Shiibayashi hystrix bacteria harvest

29184 || 2013-06-26 23:48:17 || Rainy climate expert analysis criteria for the classification and prediction difficult

29183 || 2013-06-26 23:48:17 || Sichuan Changning a scenic sinkhole discovered Habitat

29182 || 2013-06-26 23:48:17 || MTR Nizhao over 2,400 construction workers a monthly salary of 9000 yuan

29172 || 2013-06-26 23:33:10 || July 43 City foreigners can apply for a passport at the place of residence ( List )

29171 || 2013-06-26 23:33:10 || Room Feng Hui Meets with Australian Joint Operations Command

29170 || 2013-06-26 23:33:10 || Leadership and things to worry about

29169 || 2013-06-26 23:33:10 || Admissions beautiful site please welcome Fadia university official website " sell Meng " ( Figure )

29168 || 2013-06-26 23:33:10 || "Super School " frequent champion allegedly destroyed the ecological balance of Education

29167 || 2013-06-26 23:33:10 || Audit report for the first system analyzes the tax sharing system

29166 || 2013-06-26 23:33:10 || Girl lost bike microblogging Declaration : who find car marry him ( Figure )

29165 || 2013-06-26 23:33:10 || People's Daily : Hensha Wasteful , focusing on clean

29164 || 2013-06-26 23:33:10 || Department of Homeland hundreds of illegal land remediation responsible person to be interviewed

29163 || 2013-06-26 23:33:10 || Central unit to spend 7.4 billion last year, Excellencies, conference fees passed on over 40 million

29162 || 2013-06-26 23:33:10 || Anhui official examiner denies pocket looking candidates appeared out photos of proof

29161 || 2013-06-26 23:33:10 || 4 Child Welfare Ministry of Civil Affairs to pilot the new system : hierarchical classification rescue

29160 || 2013-06-26 23:33:10 || Ministry of Finance refused to open " express elements of money " message

29159 || 2013-06-26 23:33:10 || Shanghai gun murder victims daughter : police have found that the loss of large sums of money

29158 || 2013-06-26 23:33:10 || Beijing North Fourth Ring Road exit a barrier blocking the road home residents said more than 2 km

29157 || 2013-06-26 23:33:10 || Audit : 65,000 units of affordable rental housing violations

29156 || 2013-06-26 23:33:10 || Audit reform and development should become the "catalyst "

28912 || 2013-06-26 16:13:36 || 2012 central accounts report released new signal fiscal reforms

28909 || 2013-06-26 15:58:25 || Better to take up the party and the people's trust - written in the national organization working on the occasion of the meeting

28904 || 2013-06-26 15:27:58 || Experts and scholars interpret the spirit of the Politburo special meeting

28903 || 2013-06-26 15:27:58 || Amend the Environmental Protection Act can become a sword cut pollution ? - NPC Standing Committee members hot discussion draft amendments to environmental legislation

28873 || 2013-06-26 14:42:26 || Ministry pushing measures to benefit the 43 city residents nearby passport

28872 || 2013-06-26 14:42:26 || Mr Li met with President Koroma of Sierra Leone

28871 || 2013-06-26 14:42:26 || Wang Yi Tan five major characteristics of China's diplomacy

28826 || 2013-06-26 14:12:12 || Ministry of Public Security shall enter into force on July 1 non-permanent residents of the nearest convenience measures for immigration documents

28825 || 2013-06-26 14:12:12 || National Internet Information Office to investigate and punish illegal in a number of Internet news information service website

28824 || 2013-06-26 14:12:12 || The Guangzhou municipal government press conference Q & A session will be set up users

28823 || 2013-06-26 14:12:12 || Second session of the third meeting of the NPC Standing Committee held its second plenary meeting

28822 || 2013-06-26 14:12:12 || Chongqing High-tech Zone introduced a number of policies to support the development of e-commerce

28803 || 2013-06-26 13:56:59 || Xi Jinping : comprehensively promote mutually beneficial cooperation to promote greater development of China-ROK relations

28802 || 2013-06-26 13:56:59 || In order to achieve national rejuvenation mission - under the new situation the party's educational activities revelation

28801 || 2013-06-26 13:56:59 || China strongly opposes U.S. Senate's relevant resolutions

28800 || 2013-06-26 13:56:59 || Chinese maritime surveillance fleet continues to cruise in my Diaoyu Islands waters

28799 || 2013-06-26 13:56:59 || Liu Yunshan met with delegation of the Sudanese National Congress Party

28798 || 2013-06-26 13:56:59 || Xinhua News Agency Commentator : Let the road leading to wider and wider Chinese Dream

28797 || 2013-06-26 13:56:59 || Yang Jing Meets ANZ senior civil servants Seminar

28796 || 2013-06-26 13:56:59 || In 2012 the central government to maintain double-digit growth livelihood inputs

28795 || 2013-06-26 13:56:59 || China nine initiatives to promote cultural system reform to achieve new breakthroughs

28794 || 2013-06-26 13:56:59 || 2012 central unit " public funds" spending 7.425 billion yuan

28793 || 2013-06-26 13:56:59 || Defense : China first sent troops and security forces in Mali Wei

28792 || 2013-06-26 13:56:59 || Do not let the students as " official told us, " - Hubei TV Live " media politics " Let the education minister live " exam"

28791 || 2013-06-26 13:56:59 || China Sea territorial waters of the Diaoyu Islands cruise fleet continues

28790 || 2013-06-26 13:56:59 || China Sea territorial waters of the Diaoyu Islands cruise fleet continues

28789 || 2013-06-26 13:56:59 || Defense : In the future from a scientist or engineer in the selection of astronauts is very normal

28788 || 2013-06-26 13:56:59 || Decentralization to strengthen supervision - National Energy Bureau official interpretation Energy Council " Sanding" program

28787 || 2013-06-26 13:56:59 || Audit report reveals three potential risks

28786 || 2013-06-26 13:56:59 || Official countryside rural residents in Gansu Research enhance fairness relief

28785 || 2013-06-26 13:56:59 || Supreme Court : People involved in the trial jurors ordered to eliminate " accompany without trial"

28784 || 2013-06-26 13:56:59 || Ministry of Public Security launched new initiatives to benefit the citizens of the nearest convenience for immigration documents

28769 || 2013-06-26 13:26:40 || Audit : 2012 level meetings of the central departments spend nearly 700 million

28768 || 2013-06-26 13:26:40 || Li Qiufang attend Canton EPRI Fourth Party Congress

28767 || 2013-06-26 13:26:40 || Tian Jin attend the Shanghai Cooperation Organization, senior officials of National Radio and Television ministerial seminar opening ceremony

28766 || 2013-06-26 13:26:40 || 2012 central administrative institutions "public funds " representing less than two percent

28729 || 2013-06-26 12:41:08 || Zheng Guoguang emphasized comprehensively promote the national meteorological modernization responsibility

28697 || 2013-06-26 11:55:43 || "Twelve Five-Year" Technology and International Cooperation Ministry of Land and significant achievements

28696 || 2013-06-26 11:55:43 || Defense Ministry spokesman on military hot issues answered reporters' questions

28695 || 2013-06-26 11:55:43 || China will send UN peacekeepers Mali

28694 || 2013-06-26 11:55:43 || 2012 the central fiscal revenue 5.6 trillion yuan this year to complete the budget target pressure

28693 || 2013-06-26 11:55:43 || "National Food Safety Awareness Week" Media Open Day activities held in China Institute of Food and Drug Testing

28692 || 2013-06-26 11:55:43 || Yellow rainstorm warning Zhejiang provinces such as Hunan, Jiangxi and Guizhou sustained focus on the 29th from the storm weakened

28684 || 2013-06-26 11:25:21 || Cultural system restructuring made new progress in seven areas

28683 || 2013-06-26 11:25:21 || State will annually "three areas" selected cultivate social work professionals in 1500

28682 || 2013-06-26 11:25:21 || The end of 2012 a total of 708.9 million people nationwide civil servants

28681 || 2013-06-26 11:25:21 || Cai Wu Tan cultural reform and development of deep-seated problems facing

28680 || 2013-06-26 11:25:21 || Our first scientific journal Aging " Aging Research " founded

28679 || 2013-06-26 11:25:21 || Ministry of Culture : nine initiatives to promote cultural system reform to achieve new breakthroughs

28678 || 2013-06-26 11:25:21 || Ministry of Civil Affairs : Four Pratt & Whitney -type pilot to establish appropriate child welfare system focusing on protection of disadvantaged children

28677 || 2013-06-26 11:25:21 || The audit found violations of financial institutions to lend more than 280 one hundred million yuan

28661 || 2013-06-26 11:10:09 || Xinhua Commentary : Let style building system requires "hard up."

28660 || 2013-06-26 11:10:09 || " 2012 central budget implementation and other financial revenue and expenditure audit report " Interpretation

28659 || 2013-06-26 11:10:09 || Xi Jinping held talks with Park Geun-hye

28658 || 2013-06-26 11:10:09 || Defense : The Philippines must stop violating China 's sovereignty

28657 || 2013-06-26 11:10:09 || Beijing Military Region for the first time to organize a remote synchronous video assessment

28624 || 2013-06-26 10:24:31 || Nanjing business system deployment political popularity of wind construction mobilization will be held

28623 || 2013-06-26 10:24:31 || National Forestry GDP average annual growth for 10 consecutive years of 24%

28622 || 2013-06-26 10:24:31 || Yellow rainstorm warning last 29 onwards heavy rainfall will be significantly weakened the South

28621 || 2013-06-26 10:24:31 || "Forever Pan Jiazheng " starting memory of academician carry forward the spirit of innovation

28620 || 2013-06-26 10:24:31 || National Internet Information Office to investigate and punish illegal in a number of Internet news information service website

29435 || 2013-06-27 01:19:31 || Yang Fan : Snowdon incident shock " American creed "

29434 || 2013-06-27 01:19:31 || Boston bombing suspects were formally charged in July will be cited to court

29433 || 2013-06-27 01:19:31 || " Prism door " exposure " American Running" : shouting behind secretly monitor Internet Freedom

29432 || 2013-06-27 01:19:31 || Less traffic plan launched in Bangkok, Thailand : lose 10 kg Prize $ 160

29431 || 2013-06-27 01:19:31 || U.S. media: China headache for parents school choice for their children

29430 || 2013-06-27 01:19:31 || Eight global ecological crisis has emerged

29429 || 2013-06-27 01:19:31 || Developing countries in 2012 global FDI inflows for the first time more than developed countries

29428 || 2013-06-27 01:19:31 || And then as prime minister , Kevin Rudd challenge

29427 || 2013-06-27 01:19:31 || Russian Foreign Minister : I hope to leave Russia Snowdon

29426 || 2013-06-27 01:19:31 || Scottish delegation to China to promote cooperation with China

29425 || 2013-06-27 01:19:31 || Exposure middle-aged American beauty queen who show the bitterness of experience ( Figure )

29424 || 2013-06-27 01:19:31 || Japan Poll: About 60% of temporary workers for economic reasons can not get married

29423 || 2013-06-27 01:19:31 || Inventory Mandela legendary family : three wife six children ( Photos )

29422 || 2013-06-27 01:19:31 || Abe has been blasting the two minister sex scandal a man love a person to engage in prostitution underground

29421 || 2013-06-27 01:19:31 || Australia media: China primary school school choice by parents for insomnia

29420 || 2013-06-27 01:19:31 || Park Geun-hye first visit to Japan and South Korea into the honeymoon period uneasy

29419 || 2013-06-27 01:19:31 || Abe has been blasting the two minister sex scandal a man love a person to engage in prostitution underground

29418 || 2013-06-27 01:19:31 || Ecuadorian president said Snowden No entry can not be processed his application for asylum

29417 || 2013-06-27 01:19:31 || Abe has been blasting the two minister sex scandal a man love a person to engage in prostitution underground

29416 || 2013-06-27 01:19:31 || Rudd new term difficulty is not small Macao media said Australia will split within the Labour Party

29415 || 2013-06-27 01:19:31 || UN Security Council to cancel part of the sanctions against Iraq

29414 || 2013-06-27 01:19:31 || " Indian model " is facing a dead

29413 || 2013-06-27 01:19:31 || British newspaper: China will be the first to send combat troops to participate in peacekeeping operations

29412 || 2013-06-27 01:19:31 || Obama : not on the " Snowden " incident personally telephoned Xi Jinping

29411 || 2013-06-27 01:19:31 || England News: Britain is expected to thaw diplomatic relations

29410 || 2013-06-27 01:19:31 || United States Senate passed immigration reform bill was passed by the House to be

29343 || 2013-06-27 00:33:59 || Park Geun-hye visit to Japan, " jealous" Korean " joint " Let Japanese tensions

29342 || 2013-06-27 00:33:59 || U.S. media: Obama's visit to non- cost -weather fighter escort hundred million dollars

29341 || 2013-06-27 00:33:59 || Obama burn hundreds of millions of 'luxury' visit to Africa

29340 || 2013-06-27 00:33:59 || The United States is no clothes "King"

29339 || 2013-06-27 00:33:59 || Ecuador's president, accusing the U.S. media " shameless ."

29338 || 2013-06-27 00:33:59 || Handsome tiger attack scenes training stimulus ( Photos )

29337 || 2013-06-27 00:33:59 || In those years, the United States playing spy ( Figure )

29336 || 2013-06-27 00:33:59 || French open arms welcome Chinese enterprises, why ?

29269 || 2013-06-26 23:48:30 || Papua New Supermarket cut case of the Chinese people : police have not yet identified a suspect

29268 || 2013-06-26 23:48:30 || WikiLeaks said Snowden safety

29267 || 2013-06-26 23:48:30 || Park Geun-hye "Heart Letter Tour" Aspect rich FTA negotiations is expected to exceed

29266 || 2013-06-26 23:48:30 || EU summit to focus on youth employment and banking union ( Photos )

29265 || 2013-06-26 23:48:30 || Mandela's condition improved slightly or not Obama's visit to South Africa today undecided

29264 || 2013-06-26 23:48:30 || Chinese people killed in Papua New Case Survivor: We rely on hot water repel criminals

29263 || 2013-06-26 23:48:30 || Ecuador said the decision to abandon the U.S. trade preferences "irreversible "

29262 || 2013-06-26 23:48:30 || Contribution to the U.S. economy freshman students of Chinese students to feed an American family

29261 || 2013-06-26 23:48:30 || US-Japan joint drills Island wins Chinese how to do

29260 || 2013-06-26 23:48:30 || Russia, the United States absent a strong return to the limelight Paris Air Show

29259 || 2013-06-26 23:48:30 || Asia-Pacific to build a missile defense system, the U.S. military has three strategic considerations

29258 || 2013-06-26 23:48:30 || Chicago agricultural products fell across the board on the 27th

29257 || 2013-06-26 23:48:30 || Subic Bay, the Philippines plans to reset the base of more than 200 kilometers away from Huangyan Island

29256 || 2013-06-26 23:48:30 || Iraq more than hundreds of deaths and injuries caused by violent attacks

29255 || 2013-06-26 23:48:30 || Philippine-US joint military exercises outside the Huangyan Island Naval China : Confronting nowhere

29254 || 2013-06-26 23:48:30 || South Korean port of Busan , South Korea witnessed a history of cooperation

29253 || 2013-06-26 23:48:30 || Russian and U.S. military bases in the game , " a retreat into a " Russia is to recover "lost "

29252 || 2013-06-26 23:48:30 || U.S. media: the United States into powerless era

29251 || 2013-06-26 23:48:30 || Prime Minister Kevin Rudd hit the bumpy Tan

29250 || 2013-06-26 23:48:30 || Snowdon let Ecuador dilemma

29249 || 2013-06-26 23:48:30 || And then as prime minister , Kevin Rudd challenge

29248 || 2013-06-26 23:48:30 || Rudd " comeback " success , but a severe test in front

29247 || 2013-06-26 23:48:30 || Boston bombing suspects charged with 10 counts the number may be killed

29246 || 2013-06-26 23:48:30 || Mandela admitted to hospital 20 days people calm family condemn someone spread the bad news

29245 || 2013-06-26 23:48:30 || Hong Kong reported the story behind an exclusive interview Snowdon

29244 || 2013-06-26 23:48:30 || Rudd " comeback " success before the road is hard

29243 || 2013-06-26 23:48:30 || Why not responsibly evil mother failed to timely change

29242 || 2013-06-26 23:48:30 || Iraq welcomes the United Nations relaxed its sanctions suffered due to the invasion of Kuwait

29241 || 2013-06-26 23:48:30 || Russia refused to pay Snowdon U.S. disgrace throw hard words

29240 || 2013-06-26 23:48:30 || Stop the " burn Ballet " forgo the fog lock Nanyang reproduce

29239 || 2013-06-26 23:48:30 || United States Supreme Court decision to support same-sex marriage mean ?

29238 || 2013-06-26 23:48:30 || Kyrgyzstan should " get rid of " the U.S. military : Russia defensive attack America

29237 || 2013-06-26 23:48:30 || Sources : Snowdon without valid documents temporarily unable to fly to any country

29236 || 2013-06-26 23:48:30 || A Chinese student to feed an American family

29235 || 2013-06-26 23:48:30 || Sino-Indian border issue should strike while properly place

29234 || 2013-06-26 23:48:30 || United States dollar is still strong GDP fell

29233 || 2013-06-26 23:48:30 || Look under $ 900 investment bank "empty " sound louder

29232 || 2013-06-26 23:48:30 || EU bank bailout agreement reached

29231 || 2013-06-26 23:48:30 || Guangzhou Baiyun Airport in July the new law into effect four situations Visas Foreigners

29230 || 2013-06-26 23:48:30 || China concept stocks " Besieged effect" show "escape" Wall Street or the United States listed ?

29229 || 2013-06-26 23:48:30 || Delta Airlines acquired 49% stake in Virgin

29228 || 2013-06-26 23:48:30 || Forbes Celebrity 100 list powerful sports first is a " Swiss maestro "

29227 || 2013-06-26 23:48:30 || Ecuador : standard-bearer of anti-Americanism in Latin America and then shot a second " Chavez " ?

29226 || 2013-06-26 23:48:30 || Obama : U.S. troops if Snowden flew from Russia will not block

29225 || 2013-06-26 23:48:30 || Ronaldinho endorsement of condoms

29224 || 2013-06-26 23:48:30 || Women's soccer team Arsenal to shame

29223 || 2013-06-26 23:48:30 || Why get rid of the World Cup football kingdom

29222 || 2013-06-26 23:48:30 || Snowdon escape route Global Tracking

29221 || 2013-06-26 23:48:30 || Park Geun-hye : ice and smiling

29220 || 2013-06-26 23:48:30 || More than half of Singapore's rich decade ' riches '

29219 || 2013-06-26 23:48:30 || Monitoring the East China Sea , Japan has a new base

29218 || 2013-06-26 23:48:30 || ZhangZhaoZhong : Snowdon leak equals America lost 10 heavy armored division

29217 || 2013-06-26 23:48:30 || PV case has started the second round of price negotiations the Chinese side of the cards as soon as possible

29216 || 2013-06-26 23:48:30 || Japan's Liberal Democratic Party push " Abe hopping " to attract young people

29215 || 2013-06-26 23:48:30 || Warning signs to help the little girl in Frankfurt, Germany car speed limit

29214 || 2013-06-26 23:48:30 || Homemade Spanish tourists to visit the "bare shirt " ban against naked

29213 || 2013-06-26 23:48:30 || Survey shows that young French people increasingly lonely

29212 || 2013-06-26 23:48:30 || Korea famous attractions brutally graffiti " pollution"

29211 || 2013-06-26 23:48:30 || Studies have shown that there is a reason men hate the old

29210 || 2013-06-26 23:48:30 || Studies have shown the ability to throw the top man touched the food chain

29209 || 2013-06-26 23:48:30 || Park Geun-hye tomorrow will lecture at Tsinghua University in Chinese

29179 || 2013-06-26 23:33:23 || Oyster oyster or raising the ecological diversity of the nitrogen to remove water

29178 || 2013-06-26 23:33:23 || Why not just rupee devaluation

29177 || 2013-06-26 23:33:23 || India is the ecological destruction of the root causes of the floods disaster

29176 || 2013-06-26 23:33:23 || World Heritage in Danger warning

29175 || 2013-06-26 23:33:23 || Chinese dream the dream of peace and development to make the world a better place

29174 || 2013-06-26 23:33:23 || US-Philippine military exercises over a hundred kilometers to pitch the Philippines , said the Huangyan Island is not against China

29173 || 2013-06-26 23:33:23 || Government of South Africa : Mandela's condition improved slightly for the first time five days upturn news release

29121 || 2013-06-26 22:47:56 || Beautiful child wearing the dress to climb one thousand meters high mountain called enjoyed ( HD Photo )

29120 || 2013-06-26 22:47:56 || Obama's visit to Africa would like to highlight the cost of billions of dollars the United States attaches great importance to Africa

29119 || 2013-06-26 22:47:56 || U.S. to ferret out terrorists really play spy ?

29118 || 2013-06-26 22:47:56 || Namie Amuro new song MV lifted first disclosed piano

29117 || 2013-06-26 22:47:56 || Into the Italian paradise full of wine and wineries Rose ( Photos )

29116 || 2013-06-26 22:47:56 || Onlookers national beauty challenge the limits of the human body wonderful jujitsu ( Photos )

29115 || 2013-06-26 22:47:56 || ZhangZhaoZhong : Snowdon leaks equal to the United States lost 10 heavy armored division

29114 || 2013-06-26 22:47:56 || DPRK media: If the universe is only war commander General Kim Il Sung competent Earth

29113 || 2013-06-26 22:47:56 || The United States is no clothes "King" ?

29112 || 2013-06-26 22:47:56 || French open arms welcome Chinese enterprises, why ?

29111 || 2013-06-26 22:47:56 || Journey West Chinese refer to " does not survive ."

29110 || 2013-06-26 22:47:56 || Canadian residential mailbox is now ranked Chinese words

29109 || 2013-06-26 22:47:56 || People's Daily : China and India should build on the progress at the border issue properly

29108 || 2013-06-26 22:47:56 || Canadian full-time dad shot toy animals living according to ( HD Photo )

29107 || 2013-06-26 22:47:56 || Chinese Defense Ministry spokesman : We advise Japanese discredit others much less mirror

29106 || 2013-06-26 22:47:56 || Defense Ministry spokesman : Philippine opposition 's attempt to strengthen its military presence

29105 || 2013-06-26 22:47:56 || Refused to renew the U.S. Manas base in Kyrgyzstan to " get rid of " the U.S. military ?

29104 || 2013-06-26 22:47:56 || Behind the United States Supreme Court, gay marriage Obama sent a congratulatory telegram on his way to visit

29103 || 2013-06-26 22:47:56 || Abe has been blasting the two minister sex scandal a man love a person to engage in prostitution underground

29102 || 2013-06-26 22:47:56 || Rudd new term difficulty is not small Macao media said Australia will split within the Labour Party

29101 || 2013-06-26 22:47:56 || China on the EU chemicals levy anti-dumping duties in the enterprise is expected to benefit

29100 || 2013-06-26 22:47:56 || China will be the first to send security forces to participate in the United Nations in Mali Wei and action

29099 || 2013-06-26 22:47:56 || British media speculation Iranian President Rohani alleged plagiarism

29098 || 2013-06-26 22:47:56 || Papua New Guinea and the murder of the murderer is still at large Chinese Chinese Embassy to intensify the aftermath

29097 || 2013-06-26 22:47:56 || 27 New York stock market closed up for three consecutive days

29096 || 2013-06-26 22:47:56 || Brazil: strike against corruption and promote livelihood

29093 || 2013-06-26 22:32:40 || Kosovo's parliament approved agreement to normalize relations with Serbia

29092 || 2013-06-26 22:32:40 || Jordan's King Meets with U.S. Secretary of State

29091 || 2013-06-26 22:32:40 || UN Security Council to cancel part of the sanctions against Iraq

29090 || 2013-06-26 22:32:40 || The U.S. Senate passed immigration reform bill

29089 || 2013-06-26 22:32:40 || Philippine Army intends to reset the Subic Bay military base in the United States will be open

29088 || 2013-06-26 22:32:40 || U.S. military aid to Syria and neighboring countries to be

29087 || 2013-06-26 22:32:40 || Australia Minister Mandela death "own " apology

29086 || 2013-06-26 22:32:40 || America to Ecuador to play "stress card" criticized " Snowden forever trapped" airport ?

29085 || 2013-06-26 22:32:40 || Rudd became prime minister again

29084 || 2013-06-26 22:32:40 || Too many loanwords v. NHK Japanese men

29083 || 2013-06-26 22:32:40 || British labor and her mother Amy striving to " weather" Freaky

29082 || 2013-06-26 22:32:40 || Outdoor fitness training camp swept Australia

29081 || 2013-06-26 22:32:40 || South African President to cancel visit " Left" Mandela

29080 || 2013-06-26 22:32:40 || Let sexual child abusers to escape detection

29079 || 2013-06-26 22:32:40 || United States: "Monitoring Kingdom" is how the birth

29078 || 2013-06-26 22:32:40 || A Chinese student to feed an American family ?

29077 || 2013-06-26 22:32:40 || Rudd , Gillard "Traffic Notes "

29076 || 2013-06-26 22:32:40 || Ecuador " take time " decide whether to approve the application for asylum Snowdon

29075 || 2013-06-26 22:32:40 || Boston bombing suspects charged with 10 counts the number may be killed

29074 || 2013-06-26 22:32:40 || Obama burn hundreds of millions of 'luxury' visit to Africa media said the short term there will be harvested

29073 || 2013-06-26 22:32:40 || Cabinet reshuffle continuation policy Qatar usher in the " 80" King

29061 || 2013-06-26 21:47:13 || The withdrawal of Russian military officer said Russia Syria Tartous port Xiaoxibushi

29060 || 2013-06-26 21:47:13 || Dollar against the yen continued to rise on the 27th

29059 || 2013-06-26 21:47:13 || 27 international oil prices continue to rise

29058 || 2013-06-26 21:47:13 || New York gold prices continue to fall on the 27th

29057 || 2013-06-26 21:47:13 || New York Stock Exchange on the 27th for the third consecutive day of gains

29056 || 2013-06-26 21:47:13 || Comprehensive news: Syria continued fighting between government forces and armed opposition

29055 || 2013-06-26 21:47:13 || Boston, United States formally indicted bombing suspects

29054 || 2013-06-26 21:47:13 || The U.S. Senate passed immigration reform bill

29053 || 2013-06-26 21:47:13 || Boston bombing suspects charged with 10 counts the number may be killed

29052 || 2013-06-26 21:47:13 || Nabucco gas pipeline project end in abortion

29051 || 2013-06-26 21:47:13 || "80 " has become the King of Qatar after taking office cabinet reshuffle

29050 || 2013-06-26 21:47:12 || Russian officials believe that Russia should provide political asylum Snowdon

29037 || 2013-06-26 20:46:33 || The 27th U.S. dollar rose against the yen

29020 || 2013-06-26 19:45:56 || America newspaper said the CIA began deliveries of weapons to Syria and the armed opposition

29019 || 2013-06-26 19:45:56 || New York oil prices rose on the 27th

29018 || 2013-06-26 19:45:56 || Reporter 's notes: mankind needed to protect the World Heritage

29017 || 2013-06-26 19:45:56 || EU summit "Focus " two topics Rompuy bluntly needs " oxygen "

29016 || 2013-06-26 19:45:56 || The New York Mercantile Exchange, gold futures market in August gold futures fell 1.48%

29015 || 2013-06-26 19:45:56 || London stock market index continued to rise on the 27th

29014 || 2013-06-26 19:45:56 || Snowdon apprehend fleeing mystery will gradually reveal U.S. unscrupulous ?

28984 || 2013-06-26 18:45:20 || European Commission European Parliament on the 2014-2020 budget agreement

28983 || 2013-06-26 18:45:20 || Ukraine hopes to get IMF loans

28974 || 2013-06-26 18:15:03 || Portugal held a national strike to protest the government's economic austerity policies

28961 || 2013-06-26 17:44:39 || Syria and the UN Security Council decided to extend the mandate of UNDOF

28960 || 2013-06-26 17:44:39 || Obama said he would not order the extradition of Snowdon , by whatever means

28954 || 2013-06-26 17:29:30 || Russian citizens will be banned registration of marriage , or more than three times

28933 || 2013-06-26 16:29:02 || Obama said the United States would not send fighters to intercept the plane Snowdon

28932 || 2013-06-26 16:29:02 || Damascus suicide bomb attack killed four people

28931 || 2013-06-26 16:29:02 || U.S. May existing home sales index rose more than six years contract highs

28930 || 2013-06-26 16:29:02 || EU reached € 960 billion seven-year budget

28929 || 2013-06-26 16:29:02 || SME cooperation : cooperation between China and the West Asia North Africa region, the new engine

28928 || 2013-06-26 16:29:02 || International Watch: World Heritage jointly protect

28927 || 2013-06-26 16:29:02 || 37th World Heritage Conference ended

28926 || 2013-06-26 16:29:02 || London "Financial Times" 100 stock average rose on the 27th

28925 || 2013-06-26 16:29:02 || Frankfurt, Germany 's DAX index rose 49.76 points on the 27th

28924 || 2013-06-26 16:29:02 || The 27th Paris CAC40 stock index opened lower after the shock higher

28923 || 2013-06-26 16:29:02 || Enrich the China-ROK strategic cooperative partnership action plan ( full text )

28915 || 2013-06-26 16:13:50 || China Hubei and Ma Zhonghua economic and cultural exchanges will be held in the City Hall Association

28914 || 2013-06-26 16:13:50 || Indonesian President Susilo Bambang Yudhoyono met with Vietnamese President Truong Tan Sang

28913 || 2013-06-26 16:13:50 || Pakistan's president said cherishes the traditional friendship with China

28905 || 2013-06-26 15:28:21 || Russian sources said Snowdon without valid documents can fly to any country

28895 || 2013-06-26 14:58:05 || China-ROK joint statement for the future ( full text )

28894 || 2013-06-26 14:58:05 || U.S. May personal consumption expenditure rose ring

28893 || 2013-06-26 14:58:05 || ADB to provide Cambodia dollar loans 5500 complete development of agriculture

28892 || 2013-06-26 14:58:05 || Wang Yi Tan five major characteristics of China's diplomacy

28891 || 2013-06-26 14:58:05 || Wang Yi Tan great power diplomacy with Chinese characteristics

28890 || 2013-06-26 14:58:05 || Hong Kong and Myanmar agreed to discuss investment promotion and protection agreements

28889 || 2013-06-26 14:58:05 || Russian experts do not think the Chinese economy is likely to crisis

28888 || 2013-06-26 14:58:05 || U.S. weekly initial jobless claims fall

28887 || 2013-06-26 14:58:05 || Mandela regained consciousness and his older daughter called on the media to respect their privacy and dignity

28886 || 2013-06-26 14:58:05 || Cambodian national election campaign period begins

28885 || 2013-06-26 14:58:05 || The South African government said Mandela condition slightly improved

28865 || 2013-06-26 14:27:42 || The United States will continue to support the maintenance of stability in Lebanon

28864 || 2013-06-26 14:27:42 || Russian media said Snowden did not apply for the 27th Fei Hawa that flight check

28863 || 2013-06-26 14:27:42 || Ecuador Ecuador Not hearing the Cabinet said Snowden political asylum

28862 || 2013-06-26 14:27:42 || Obama said the United States would not send fighters to intercept the plane Snowdon

28861 || 2013-06-26 14:27:42 || The world's major cities on June 28 Weather Forecast

28860 || 2013-06-26 14:27:42 || Hungary two governments will each set Cultural Center

28859 || 2013-06-26 14:27:42 || Almaty tanker rollover accident occurred in one fatality

28858 || 2013-06-26 14:27:42 || New Zealand exports will strengthen supervision of infant formula milk powder

28857 || 2013-06-26 14:27:42 || Turkish Prime Minister will visit Gaza next week

28856 || 2013-06-26 14:27:42 || Almaty tanker rollover accident occurred in one fatality

28855 || 2013-06-26 14:27:42 || South African President Jacob Zuma : Mandela condition has improved but still serious

28854 || 2013-06-26 14:27:42 || Britain announced one hundred billion pounds infrastructure investment plan

28847 || 2013-06-26 14:12:28 || Xi Jinping : comprehensively promote mutually beneficial cooperation to promote greater development of China-ROK relations

28846 || 2013-06-26 14:12:28 || ICAO was established in Beijing branch office in the Asia Pacific region

28845 || 2013-06-26 14:12:28 || Liu Yunshan met with delegation of the Sudanese National Congress Party

28844 || 2013-06-26 14:12:28 || " The Avengers " and " Breaking Bad " rule the roost in the 39th Saturn Awards sci-fi horror movie

28843 || 2013-06-26 14:12:28 || China strongly opposes U.S. Senate's relevant resolutions

28842 || 2013-06-26 14:12:28 || South Korea 's economic growth forecast raised to 2.7%

28841 || 2013-06-26 14:12:28 || China will send UN peacekeepers Mali Mission

28840 || 2013-06-26 14:12:28 || Wang Yang Meets U.S.

28839 || 2013-06-26 14:12:28 || Obama : If Snowden flew from Russia and USA will not be blocked

28838 || 2013-06-26 14:12:28 || Office of the President of South Africa : Mandela situation has improved

28837 || 2013-06-26 14:12:28 || Foreign Ministry : China strongly opposes U.S. Senate's relevant resolutions

28836 || 2013-06-26 14:12:28 || Yang Jing Meets ANZ senior civil servants Seminar

28835 || 2013-06-26 14:12:28 || Syrian capital of suicide bombing attacks caused no casualties

28834 || 2013-06-26 14:12:28 || China will send UN peacekeepers Mali Mission

28833 || 2013-06-26 14:12:28 || Hatoyama Yukio : trying to isolate China would make Japan more isolated anti-

28832 || 2013-06-26 14:12:28 || Defense : China first sent troops and security forces in Mali Wei

28831 || 2013-06-26 14:12:28 || China congratulates once again served as Prime Minister of Australia Kevin Rudd

28830 || 2013-06-26 14:12:28 || Foreign companies bid is expected to become carriers of Myanmar

28829 || 2013-06-26 14:12:28 || Defense Ministry spokesman on military hot issues answered reporters' questions

28828 || 2013-06-26 14:12:28 || Obama : If Snowdon warplanes flew from Russia and the United States will not intercept

28827 || 2013-06-26 14:12:28 || Obama : If Snowden flew from Russia and USA will not be blocked

28814 || 2013-06-26 13:57:14 || Taiwan sinister food chain explosion Unified Manager: consumers should not be cheap

28813 || 2013-06-26 13:57:14 || Russian man stealing scrap metal to sell the modus operandi of the bridge so that the police botched " depressed "

28812 || 2013-06-26 13:57:14 || Italy Nudism called on the government to relax the annual meetings organized by legal restrictions

28811 || 2013-06-26 13:57:14 || Japan's " Super Cougar " The club have been checked prostitutes average age of 63 years

28810 || 2013-06-26 13:57:14 || Japan killed a mother and daughter at home inmates turned me down did not take a cent

28809 || 2013-06-26 13:57:14 || Fukushima radioactive iodine released in Japan the Chinese figure diffusion response measures

28808 || 2013-06-26 13:57:14 || Russian citizens will be banned registration of marriage , or more than three times

28807 || 2013-06-26 13:57:14 || Japan, more than 3,400 people a month three people died of heat stroke

28806 || 2013-06-26 13:57:14 || Obama said Mandela was " World Hero" whose legacy will future generations

28805 || 2013-06-26 13:57:14 || Iran's Supreme Leader : to resolve the Iranian nuclear issue is actually very simple

28804 || 2013-06-26 13:57:14 || Johor Bahru, Malaysia dengue caused seven deaths increased 80 percent compared to last year

28758 || 2013-06-26 13:11:41 || Thailand, Africa and France imported luxury cars more than ten thousand per year caused losses of billions of baht

28757 || 2013-06-26 13:11:41 || New York is known as " hawkers are" afraid of American street vendors pick ticket

28756 || 2013-06-26 13:11:41 || United Nations Deputy Secretary-General : Network security is a global challenge to be solved by the United Nations

28755 || 2013-06-26 13:11:41 || Mandela's daughter : Father in critical condition could happen any circumstances

28754 || 2013-06-26 13:11:41 || South Korean tourist Gwanaksan frequent Korean version of " a visit" ( Figure )

28753 || 2013-06-26 13:11:41 || 7 Days Inn announces delisting from the U.S. expert : transformation or because the company needs

28752 || 2013-06-26 13:11:41 || Johor Bahru, Malaysia dengue caused seven deaths increased 80 percent compared to last year

28751 || 2013-06-26 13:11:41 || Russian media : WikiLeaks revealed Snowdon to support in their countries and organizations Acknowledgements

28750 || 2013-06-26 13:11:41 || Johor Bahru, Malaysia dengue caused seven deaths increased 80 percent compared to last year

28749 || 2013-06-26 13:11:41 || Obama said Mandela was " World Hero" whose legacy will future generations

28748 || 2013-06-26 13:11:41 || Office of the President of South Africa : Mandela situation has improved

28747 || 2013-06-26 13:11:41 || Germany a male tortoise love to find similar couples slippers 30 year-end

28717 || 2013-06-26 12:11:04 || Chinese Cultural Center in Bangkok Thailand Chinese National Tourism Administration signed a training agreement

28716 || 2013-06-26 12:11:04 || Bangladesh University Teachers Face online threats to kill the Prime Minister was sentenced to seven years in prison

28715 || 2013-06-26 12:11:04 || Japanese media : Shinzo Abe, 60 years old cronies was traced to an affair or resignation today

28714 || 2013-06-26 12:11:04 || Snowdon live Capsule Hotel Moscow Airport airport refused to comment

28713 || 2013-06-26 12:11:04 || International news evening car : firmly opposed to the Philippines to strengthen its military presence in the benevolence reef attempt

28712 || 2013-06-26 12:11:04 || Philippines , said the US-Japan is considering opening up the Philippine military bases greater

28704 || 2013-06-26 11:55:56 || British economic growth in the first quarter by 0.3% qoq

28703 || 2013-06-26 11:55:56 || Asian stocks rose across the board

28702 || 2013-06-26 11:55:56 || Snowdon lived in Moscow airport hotels are comfortable and the airport declined to comment

28701 || 2013-06-26 11:55:56 || German unemployment rate decreased to 2.865 million unemployed

28700 || 2013-06-26 11:55:56 || Mandela's daughter : Father may have any serious illness

28699 || 2013-06-26 11:55:56 || Pete brought the new movie " Zombie World War" Moscow Film Festival debut

28698 || 2013-06-26 11:55:56 || Almaty a tanker burst into flames ignite nearby eight-story high-rise

28662 || 2013-06-26 11:10:21 || Defense : The Philippines must stop violating China 's sovereignty

28651 || 2013-06-26 10:55:08 || Xinhua International Commentary: Russia and the United States military bases "progress" , " retreat" release signal

28650 || 2013-06-26 10:55:08 || 100th Tour de France - to move forward in love and questioning

28649 || 2013-06-26 10:55:08 || South African President祖马因曼德拉critical condition to cancel trip

28648 || 2013-06-26 10:55:08 || U.S. media said the new drugs to treat cancer can reduce the side effects of chemotherapy or alternative

28647 || 2013-06-26 10:55:08 || Australian Labor Party "coaching " Rudd will encounter exams

28646 || 2013-06-26 10:55:08 || Indonesia's eastern coast earthquake occurred 6

28645 || 2013-06-26 10:55:08 || Snowdon passport was canceled hard to leave Moscow Putin " to retreat " with the United States wrestling

28644 || 2013-06-26 10:55:08 || Media said Mandela rely on ventilator to sustain life family tomb of disagreement

28643 || 2013-06-26 10:55:08 || Japan Poll: About 60% of temporary workers for economic reasons can not get married

28642 || 2013-06-26 10:55:08 || EU accession negotiations with Turkey soil restart accession process in the " twists and turns " in the front row

28641 || 2013-06-26 10:55:08 || British 42 -year-old woman left to worry about organizing their own wedding and funeral ( Figure )

28640 || 2013-06-26 10:55:08 || Philippines , said the US-Japan is considering opening up the Philippine military bases greater

28639 || 2013-06-26 10:55:08 || English princess or early deliveries expected date announced previously suspected message

28638 || 2013-06-26 10:55:08 || Merkel warned that the supply of weapons to the Syrian opposition is difficult to estimate the risk

28637 || 2013-06-26 10:55:08 || The Philippines and the U.S. Navy held joint military exercises in the South China Sea

28636 || 2013-06-26 10:55:08 || Sun菲讨论加强防务合work

28635 || 2013-06-26 10:55:08 || German unemployment rate fell to 6.6% in June

28634 || 2013-06-26 10:55:08 || Papua New Guinea police detained Chinese people were killed and eight local staff bakery

28633 || 2013-06-26 10:55:08 || Xi Jinping held talks with Park Geun-hye

28632 || 2013-06-26 10:55:08 || Department of State 's visit to Park Geun-hye , the Sino-Indian border issue and other question and answer

28631 || 2013-06-26 10:55:08 || Mandela's daughter : Father may have any serious illness

29452 || 2013-06-27 01:34:49 || International news Morning

29451 || 2013-06-27 01:34:49 || "Kung Fu Panda" debut Grand Central Station in New York

29450 || 2013-06-27 01:34:49 || Former member base : Syrian Department of CIA terrorist leader

29449 || 2013-06-27 01:34:49 || Japanese comedian spoof of skill to do the model image of bright blind

29448 || 2013-06-27 01:34:49 || Discovering US-Japanese girls pole dancing pole dancing girl readme real life

29447 || 2013-06-27 01:34:49 || English : Obama brewing reconstruct the United States and Africa relations

29446 || 2013-06-27 01:34:49 || Gillard deposed retired on the first day of laughter shared with friends coffee ( Figure )

29445 || 2013-06-27 01:34:49 || English 141 IQ higher than two years old child prodigy genius standard deviation away from Obama 4 of 5 stars

29444 || 2013-06-27 01:34:49 || England News: U.S. gay marriage supporters welcomed the Victory Day

29443 || 2013-06-27 01:34:49 || Almaty fires caused one death ( HD Photo )

29456 || 2013-06-27 01:35:02 || Japanese politicians take the fuss To create Chinese Diaoyu Islands Ryukyu bounding

29455 || 2013-06-27 01:35:02 || HD: " renewed war " more than 600 U.S. troops arrived in the Philippines to participate in multinational military exercises

29454 || 2013-06-27 01:35:02 || Expert: Philippine constantly creating "hot spots" is destined to disrupt the South did not end

29453 || 2013-06-27 01:35:02 || Japan Self Defense Force athletics Hokkaido Division队将neck participated in: Deng陆训Refined

29463 || 2013-06-27 01:47:41 || Qian Letters have been shot on turnover of 5.89 million yuan nearly a hundred pieces

29462 || 2013-06-27 01:47:41 || Xuanzang "wins " Go India treasured Buddhist monks over five hundred ?

29461 || 2013-06-27 01:47:41 || 今年春拍不见天价神话

29489 || 2013-06-27 01:49:48 || Who is " the emergency department superwoman " pricing ? Doctors can not be a " backwater "

29488 || 2013-06-27 01:49:48 || Net exposure Shaanxi Meixian county alleged fraud requires developers to do the work to delete posts

29495 || 2013-06-27 01:50:20 || Korean woman in Seoul on " Mao restaurant" [ Photos ]

29494 || 2013-06-27 01:50:20 || Philippine military intends to rebuild the Subic Bay Naval Base and the U.S. Air Sharing

29493 || 2013-06-27 01:50:20 || Taiwan military special forces Exposure: kung fu the victory to a dozen two

29492 || 2013-06-27 01:50:20 || [ Soldiers festival Square ] June 28 : Litchi Festival

29491 || 2013-06-27 01:50:20 || Chen Hu Troops : Military News Avoid title party

29490 || 2013-06-27 01:50:20 || Shanghai held riot police team skill sturdy comprehensive training

29515 || 2013-06-27 02:05:04 || People's Daily : Food without adding Bluff indispensable modern food

29551 || 2013-06-27 02:05:24 || Fed officials stressed that central bank policy will depend on the economic circumstances

29550 || 2013-06-27 02:05:24 || Ottoman architecture living fossil - Fan Red Flower

29549 || 2013-06-27 02:05:24 || Ottoman architecture living fossil - Fan Red Flower

29548 || 2013-06-27 02:05:24 || U.S. banks and officials on North Korea to launch a new round of sanctions

29547 || 2013-06-27 02:05:24 || Restoration in Japan will take " Ryukyu independence" fuss surrounding the Chinese intentions

29546 || 2013-06-27 02:05:24 || Yuanmingyuan relics lost a rat , a rabbit or Tibet National Museum today

29545 || 2013-06-27 02:05:24 || Scientists first observed the quantum energy conversion in photosynthesis mechanism

29544 || 2013-06-27 02:05:24 || Qatar usher in the " 80" after the King

29543 || 2013-06-27 02:05:24 || St. Petersburg International Economic Forum to see the Russian dream of a powerful

29542 || 2013-06-27 02:05:24 || First super- developed countries to attract foreign investment in developing countries

29541 || 2013-06-27 02:05:24 || Why rupee depreciated more than ?

29540 || 2013-06-27 02:05:24 || Obama : will not extradite any means Snowdon

29539 || 2013-06-27 02:05:24 || Zhang Ziyi , Liu Ye was awarded the French Knight of the Order on the same day

29538 || 2013-06-27 02:05:24 || Unbalanced development of Brazilian society dissatisfied people shout

29537 || 2013-06-27 02:05:24 || Snowdon in the Russian airport "disappeared "

29536 || 2013-06-27 02:05:24 || Last year, China's foreign investment ranks third after the United States and Japan

29535 || 2013-06-27 02:05:24 || Pakistan's military escort Yang Chunfeng concierge team , Rao Jianfeng repatriation of remains

29534 || 2013-06-27 02:05:24 || Japanese small number of University of corporal punishment of up to 6000 record

29533 || 2013-06-27 02:05:24 || Mandela legend Family : Experience three outstanding sons and daughters of the marriage ( Figure )

29532 || 2013-06-27 02:05:24 || Crazy house : toilets Committee Chairman design " toilet house" ( Figure )

29531 || 2013-06-27 02:05:24 || Obama's visit to Africa and Africa to the United States should be cautious "sincerity"

29530 || 2013-06-27 02:05:24 || The first permanent human lunar base or of China

29529 || 2013-06-27 02:05:24 || Zhang Ziyi , Liu Ye was awarded the French Knight of the Order on the same day ( Figure )

29528 || 2013-06-27 02:05:24 || King of Bahrain Meets with Delegation of Chinese culture and art

29527 || 2013-06-27 02:05:24 || New Canadian Air Force Chinook helicopter enabled ( HD Photo )

29526 || 2013-06-27 02:05:24 || British medical profession called for a ban on the sale of the hospital , " junk food"

29525 || 2013-06-27 02:05:24 || Philippine President Xi Jinping sent a letter pleading for women drug traffickers to China

29524 || 2013-06-27 02:05:24 || Park Geun-hye 's visit on the second day : to carry out economic cooperation economic diplomacy appeal

29523 || 2013-06-27 02:05:24 || America chefs talk now "nigger " and other racial words speak sharply

29522 || 2013-06-27 02:05:24 || Gillard deposed retired on the first day of laughter shared with friends coffee ( Figure )

29521 || 2013-06-27 02:05:24 || Daughter denied rumors that Mandela Mandela died in a response being touched

29520 || 2013-06-27 02:05:24 || Tel Aviv to celebrate the tenth anniversary of the World Heritage List

29519 || 2013-06-27 02:05:24 || U.S. experts believe that China-US Strategic and Economic Dialogue will help consolidate the summit outcome

29518 || 2013-06-27 02:05:24 || Jilin Province, China Art Troupe performed the Jordan Art Festival

29517 || 2013-06-27 02:05:24 || Phuket, Thailand cheating seriously the EU 18 countries , said the Ambassador of the tube

29516 || 2013-06-27 02:05:24 || Luo Yuan : peaceful rise does not mean hanging on the Diaoyu Islands , " war-free card."

29584 || 2013-06-27 02:20:11 || Tibet cadres : To mingle with the local people

29583 || 2013-06-27 02:20:11 || Jiang Daming hosted the 9th meeting of the Party Group

29582 || 2013-06-27 02:20:11 || " Laws of Land and Resources Evaluation Report ( 2013 ) " Published

29581 || 2013-06-27 02:20:11 || Geological total fund size of nearly 40 billion yuan project 5884

29580 || 2013-06-27 02:20:11 || Land and Natural Resources to carry out safety inspections

29579 || 2013-06-27 02:20:11 || Ministry of Science and Technology and International Cooperation held management will Xu Deming speech

29578 || 2013-06-27 02:20:11 || Department of "Innovation Talent Project" released the first batch of Finalists

29577 || 2013-06-27 02:20:11 || Shandong norms for environmental testing qualified and have certain technical and personnel can offer testing services

29576 || 2013-06-27 02:20:11 || Environmental部直属机关Ninth Table Tennis Tournament held in Beijing

29575 || 2013-06-27 02:20:11 || GuChaoxi provincial Civil Affairs Vice Minister attended the video conference system nodes to promote the building meeting

29574 || 2013-06-27 02:20:11 || China Information News review of two series : actively promote the reform and speed up structural adjustment

29573 || 2013-06-27 02:20:11 || Jilin Province, China Art Troupe performed the Jordan Art Festival

29572 || 2013-06-27 02:20:11 || U.S. experts believe that China-US Strategic and Economic Dialogue will help consolidate the summit outcome

29571 || 2013-06-27 02:20:11 || Message popular college entrance exam : get the city's reputation not stop you

29570 || 2013-06-27 02:20:11 || When you have large paws smuggling case uncovered deterioration stink

29569 || 2013-06-27 02:20:11 || Guangzhou Baiyun Airport comprehensive pilot 24 hours exempted direct transit passengers border formalities policy

29568 || 2013-06-27 02:20:11 || Historical style protection: "specimen type " protection or " live " protection ?

29567 || 2013-06-27 02:20:11 || Ministry of Public Security : Beijing and other 43 cities in foreign household workers since July may be the nearest passport office

29566 || 2013-06-27 02:20:11 || Yangtze Fangzong strengthen consultation deploy flood prevention and drought relief work

29565 || 2013-06-27 02:20:11 || World Meteorological Organization issued communique said the El Nino / La Nina will remain the neutral state

29564 || 2013-06-27 02:20:11 || Du Yuan Quan attended the annual meeting of China Enterprise Culture ( 2013 ) and addressed

29563 || 2013-06-27 02:20:11 || Sun Huashan fireworks safety supervision in the inter-ministerial meeting on the third plenary meeting stressed : to seriously implement the instructions of the central leading comrades fully enhanced fireworks safety supervision work

29562 || 2013-06-27 02:20:11 || Promote ecological and cultural beauty of China to promote ecological civilization construction

29561 || 2013-06-27 02:20:11 || ( Chart Comics ) [ Xinhua Viewpoint · illegally built sets complement interests of the chain ] sets

29560 || 2013-06-27 02:20:11 || Hold up China 's manned space spirit is strong wings of a dream

29605 || 2013-06-27 02:20:34 || Obama dwell Snowdon " Escape" : I will not sent fighters to intercept

29604 || 2013-06-27 02:20:34 || Foreign media said Obama's Africa trip was intended to counterbalance China

29603 || 2013-06-27 02:20:34 || Crazy house : toilets Committee Chairman design " toilet house" [Photos]

29602 || 2013-06-27 02:20:34 || Berlin to celebrate the 50th anniversary commemoration of the Kennedy speech in Berlin

29601 || 2013-06-27 02:20:34 || Refracting prism door era of big data and Worries

29600 || 2013-06-27 02:20:34 || China's high standard of hospitality Park Geun-hye called Xi Jinping 's visit old friends

29599 || 2013-06-27 02:20:34 || Mandela prepared to say goodbye to their families worldwide plea able to " peaceful death ."

29598 || 2013-06-27 02:20:34 || Restoration in Japan will take " Ryukyu independence" fuss surrounding the Chinese intentions

29597 || 2013-06-27 02:20:34 || Rudd new term difficulty is not small Macao media said Australia will split within the Labour Party

29596 || 2013-06-27 02:20:34 || Hatoyama reiterated that stance over the Diaoyu Islands to understand China had agreed to shelve the sovereignty date

29595 || 2013-06-27 02:20:34 || Behind the United States Supreme Court, gay marriage Obama sent a congratulatory telegram on his way to visit

29594 || 2013-06-27 02:20:34 || Abe has been blasting the two minister sex scandal a man love a person to engage in prostitution underground

29593 || 2013-06-27 02:20:34 || British media speculation Iranian President Rohani alleged plagiarism

29592 || 2013-06-27 02:20:34 || Survey shows that young French people increasingly lonely

29591 || 2013-06-27 02:20:34 || Japan's Liberal Democratic Party push " Abe hopping " to attract young people

29590 || 2013-06-27 02:20:34 || In Africa, the United States can not hold " China Dragon"

29589 || 2013-06-27 02:20:34 || U.S. Ince Norden disgraceful incident intimidation Hong Kong

29588 || 2013-06-27 02:20:34 || Global gold mining giant Chinese companies as the price of gold plummeted distressed pressure

29587 || 2013-06-27 02:20:34 || ROK relations are strategic , but also hesitant

29586 || 2013-06-27 02:20:34 || Philippine constantly creating "hot spots " disturbing the South China Sea

29585 || 2013-06-27 02:20:34 || Snowdon incident shock " American creed "

29611 || 2013-06-27 02:20:49 || Russian media said the Argentine purchase China Xiaolong fighter detail: UAV can be directed

29610 || 2013-06-27 02:20:49 || Armed Daxinanling successful completion of the spring forest fire front detachment stationed task

29609 || 2013-06-27 02:20:49 || Forest police officers and soldiers for the FIS Summer Ski Race escort

29608 || 2013-06-27 02:20:49 || Secret eighty-one skydiving team : " devil training " the next day fell 30

29607 || 2013-06-27 02:20:49 || Eighty-one parachute team will be difficult performances in Fushun

29606 || 2013-06-27 02:20:49 || Canadian media said Russia 's exports to China S400 inventory of Russia decided to sell China 's top ten equipment

29624 || 2013-06-27 02:35:22 || Guangzhou Construction "sunshine government" the new tactics the government press conference users can ask questions

29623 || 2013-06-27 02:35:22 || Shield champion: the Education utilitarianism say "no"

29622 || 2013-06-27 02:35:22 || Guangxi and Southeast Asia to jointly develop marine tourism

29621 || 2013-06-27 02:35:22 || Vigilance by the treatment in the name of the real pleasures

29620 || 2013-06-27 02:35:22 || Shanxi Commissioner's Office to strengthen supervision and checks and balances mechanism to create boost

29619 || 2013-06-27 02:35:22 || " Laws of Land and Resources Evaluation Report ( 2013 ) ," released in Beijing on the 27th

29681 || 2013-06-27 02:50:32 || Yunnan Kaiyuan Mountaineer workers - Highland Railway " patron saint ."

29680 || 2013-06-27 02:50:32 || Changchun in the exam schools are planned large-scale organization chart teicoplanin

29679 || 2013-06-27 02:50:32 || [HD Photos] century historic mission station bisezhai

29678 || 2013-06-27 02:50:32 || Jiangxi issued orange rainstorm warning signal

29677 || 2013-06-27 02:50:32 || National eradication of invasive alien species large Piao activities started in Guangxi

29676 || 2013-06-27 02:50:32 || 2012 audit report reveals the eight questions

29675 || 2013-06-27 02:50:32 || CBRC will push rural financial legislation

29683 || 2013-06-27 02:51:09 || Spotlight : Sapo shamelessly lead to trouble ? !

29682 || 2013-06-27 02:51:09 || South China Marine Surveillance Corps aviation law enforcement helicopter underwater escape training for front-line staff

